Log file open, 01/20/20 23:31:33
LogWindows: Failed to load 'aqProf.dll' (GetLastError=126)
LogWindows: File 'aqProf.dll' does not exist
LogWindows: Failed to load 'VtuneApi.dll' (GetLastError=126)
LogWindows: File 'VtuneApi.dll' does not exist
LogWindows: Failed to load 'VtuneApi32e.dll' (GetLastError=126)
LogWindows: File 'VtuneApi32e.dll' does not exist
LogConsoleResponse: Display: Failed to find resolution value strings in scalability ini. Falling back to default.
LogInit: Display: Running engine for game: AITank
LogPlatformFile: Not using cached read wrapper
LogTaskGraph: Started task graph with 5 named threads and 11 total threads with 3 sets of task threads.
LogStats: Stats thread started at 0.059129
LogD3D11RHI: Loaded GFSDK_Aftermath_Lib.x64.dll
LogICUInternationalization: ICU TimeZone Detection - Raw Offset: +2:00, Platform Override: ''
LogPluginManager: Mounting plugin Paper2D
LogPluginManager: Mounting plugin AISupport
LogPluginManager: Mounting plugin LightPropagationVolume
LogPluginManager: Mounting plugin ActorLayerUtilities
LogPluginManager: Mounting plugin AnimationSharing
LogPluginManager: Mounting plugin CLionSourceCodeAccess
LogPluginManager: Mounting plugin CodeLiteSourceCodeAccess
LogPluginManager: Mounting plugin GitSourceControl
LogPluginManager: Mounting plugin KDevelopSourceCodeAccess
LogPluginManager: Mounting plugin NullSourceCodeAccess
LogPluginManager: Mounting plugin PerforceSourceControl
LogPluginManager: Mounting plugin SubversionSourceControl
LogPluginManager: Mounting plugin UObjectPlugin
LogPluginManager: Mounting plugin VisualStudioCodeSourceCodeAccess
LogPluginManager: Mounting plugin VisualStudioSourceCodeAccess
LogPluginManager: Mounting plugin XCodeSourceCodeAccess
LogPluginManager: Mounting plugin AssetManagerEditor
LogPluginManager: Mounting plugin CryptoKeys
LogPluginManager: Mounting plugin CurveEditorTools
LogPluginManager: Mounting plugin DataValidation
LogPluginManager: Mounting plugin FacialAnimation
LogPluginManager: Mounting plugin GameplayTagsEditor
LogPluginManager: Mounting plugin MacGraphicsSwitching
LogPluginManager: Mounting plugin MaterialAnalyzer
LogPluginManager: Mounting plugin MobileLauncherProfileWizard
LogPluginManager: Mounting plugin PluginBrowser
LogPluginManager: Mounting plugin SpeedTreeImporter
LogPluginManager: Mounting plugin DatasmithContent
LogPluginManager: Mounting plugin VariantManagerContent
LogPluginManager: Mounting plugin AlembicImporter
LogPluginManager: Mounting plugin AutomationUtils
LogPluginManager: Mounting plugin BackChannel
LogPluginManager: Mounting plugin CharacterAI
LogPluginManager: Mounting plugin GeometryCache
LogPluginManager: Mounting plugin HTML5Networking
LogPluginManager: Mounting plugin PlatformCrypto
LogPluginManager: Mounting plugin ProxyLODPlugin
LogPluginManager: Mounting plugin SkeletalReduction
LogPluginManager: Mounting plugin MagicLeap
LogPluginManager: Mounting plugin MagicLeapMedia
LogPluginManager: Mounting plugin AndroidMedia
LogPluginManager: Mounting plugin AvfMedia
LogPluginManager: Mounting plugin ImgMedia
LogPluginManager: Mounting plugin MediaCompositing
LogPluginManager: Mounting plugin MediaPlayerEditor
LogPluginManager: Mounting plugin WebMMedia
LogPluginManager: Mounting plugin WmfMedia
LogPluginManager: Mounting plugin TcpMessaging
LogPluginManager: Mounting plugin UdpMessaging
LogPluginManager: Mounting plugin ActorSequence
LogPluginManager: Mounting plugin LevelSequenceEditor
LogPluginManager: Mounting plugin MatineeToLevelSequence
LogPluginManager: Mounting plugin NetcodeUnitTest
LogPluginManager: Mounting plugin NUTUnrealEngine4
LogPluginManager: Mounting plugin OnlineSubsystemGooglePlay
LogPluginManager: Mounting plugin OnlineSubsystemIOS
LogPluginManager: Mounting plugin OnlineSubsystem
LogPluginManager: Mounting plugin OnlineSubsystemNull
LogPluginManager: Mounting plugin OnlineSubsystemUtils
LogPluginManager: Mounting plugin LauncherChunkInstaller
LogPluginManager: Mounting plugin AndroidDeviceProfileSelector
LogPluginManager: Mounting plugin AndroidMoviePlayer
LogPluginManager: Mounting plugin AndroidPermission
LogPluginManager: Mounting plugin AppleImageUtils
LogPluginManager: Mounting plugin AppleMoviePlayer
LogPluginManager: Mounting plugin ArchVisCharacter
LogPluginManager: Mounting plugin AudioCapture
LogPluginManager: Mounting plugin CableComponent
LogPluginManager: Mounting plugin CustomMeshComponent
LogPluginManager: Mounting plugin EditableMesh
LogPluginManager: Mounting plugin ExampleDeviceProfileSelector
LogPluginManager: Mounting plugin GoogleCloudMessaging
LogPluginManager: Mounting plugin IOSDeviceProfileSelector
LogPluginManager: Mounting plugin LinuxDeviceProfileSelector
LogPluginManager: Mounting plugin LocationServicesBPLibrary
LogPluginManager: Mounting plugin MobilePatchingUtils
LogPluginManager: Mounting plugin OculusVR
LogPluginManager: Mounting plugin PhysXVehicles
LogPluginManager: Mounting plugin ProceduralMeshComponent
LogPluginManager: Mounting plugin RuntimePhysXCooking
LogPluginManager: Mounting plugin SignificanceManager
LogPluginManager: Mounting plugin SteamVR
LogPluginManager: Mounting plugin WebMMoviePlayer
LogPluginManager: Mounting plugin WindowsMoviePlayer
LogPluginManager: Mounting plugin ScreenshotTools
LogInit: Using libcurl 7.55.1-DEV
LogInit:  - built for x86_64-pc-win32
LogInit:  - supports SSL with OpenSSL/1.1.1
LogInit:  - supports HTTP deflate (compression) using libz 1.2.8
LogInit:  - other features:
LogInit:      CURL_VERSION_SSL
LogInit:      CURL_VERSION_LIBZ
LogInit:      CURL_VERSION_IPV6
LogInit:      CURL_VERSION_ASYNCHDNS
LogInit:      CURL_VERSION_LARGEFILE
LogInit:      CURL_VERSION_IDN
LogInit:  CurlRequestOptions (configurable via config and command line):
LogInit:  - bVerifyPeer = true  - Libcurl will verify peer certificate
LogInit:  - bUseHttpProxy = false  - Libcurl will NOT use HTTP proxy
LogInit:  - bDontReuseConnections = false  - Libcurl will reuse connections
LogInit:  - MaxHostConnections = 16  - Libcurl will limit the number of connections to a host
LogInit:  - LocalHostAddr = Default
LogInit:  - BufferSize = 65536
LogOnline: OSS: Creating online subsystem instance for: NULL
LogInit: WinSock: version 1.1 (2.2), MaxSocks=32767, MaxUdp=65467
LogInit: Build: ++UE4+Release-4.23-CL-9631420
LogInit: Engine Version: 4.23.1-9631420+++UE4+Release-4.23
LogInit: Compatible Engine Version: 4.23.0-8386587+++UE4+Release-4.23
LogInit: Net CL: 8386587
LogInit: OS: Windows 10 (Release 1903) (), CPU: Intel(R) Core(TM) i7-7500U CPU @ 2.70GHz, GPU: Intel(R) HD Graphics 620
LogInit: Compiled (64-bit): Oct 18 2019 02:07:44
LogInit: Compiled with Visual C++: 19.16.27030.01
LogInit: Build Configuration: Development
LogInit: Branch Name: ++UE4+Release-4.23
LogInit: Command Line: 
LogInit: Base Directory: G:/Epic System installed/UE_4.23/Engine/Binaries/Win64/
LogInit: Installed Engine Build: 1
LogDevObjectVersion: Number of dev versions registered: 23
LogDevObjectVersion:   Dev-Blueprints (B0D832E4-1F89-4F0D-ACCF-7EB736FD4AA2): 10
LogDevObjectVersion:   Dev-Build (E1C64328-A22C-4D53-A36C-8E866417BD8C): 0
LogDevObjectVersion:   Dev-Core (375EC13C-06E4-48FB-B500-84F0262A717E): 3
LogDevObjectVersion:   Dev-Editor (E4B068ED-F494-42E9-A231-DA0B2E46BB41): 34
LogDevObjectVersion:   Dev-Framework (CFFC743F-43B0-4480-9391-14DF171D2073): 35
LogDevObjectVersion:   Dev-Mobile (B02B49B5-BB20-44E9-A304-32B752E40360): 2
LogDevObjectVersion:   Dev-Networking (A4E4105C-59A1-49B5-A7C5-40C4547EDFEE): 0
LogDevObjectVersion:   Dev-Online (39C831C9-5AE6-47DC-9A44-9C173E1C8E7C): 0
LogDevObjectVersion:   Dev-Physics (78F01B33-EBEA-4F98-B9B4-84EACCB95AA2): 0
LogDevObjectVersion:   Dev-Platform (6631380F-2D4D-43E0-8009-CF276956A95A): 0
LogDevObjectVersion:   Dev-Rendering (12F88B9F-8875-4AFC-A67C-D90C383ABD29): 31
LogDevObjectVersion:   Dev-Sequencer (7B5AE74C-D270-4C10-A958-57980B212A5A): 11
LogDevObjectVersion:   Dev-VR (D7296918-1DD6-4BDD-9DE2-64A83CC13884): 2
LogDevObjectVersion:   Dev-LoadTimes (C2A15278-BFE7-4AFE-6C17-90FF531DF755): 1
LogDevObjectVersion:   Private-Geometry (6EACA3D4-40EC-4CC1-B786-8BED09428FC5): 3
LogDevObjectVersion:   Dev-AnimPhys (29E575DD-E0A3-4627-9D10-D276232CDCEA): 17
LogDevObjectVersion:   Dev-Anim (AF43A65D-7FD3-4947-9873-3E8ED9C1BB05): 2
LogDevObjectVersion:   Dev-ReflectionCapture (6B266CEC-1EC7-4B8F-A30B-E4D90942FC07): 1
LogDevObjectVersion:   Dev-Automation (0DF73D61-A23F-47EA-B727-89E90C41499A): 1
LogDevObjectVersion:   FortniteMain (601D1886-AC64-4F84-AA16-D3DE0DEAC7D6): 27
LogDevObjectVersion:   Dev-Enterprise (9DFFBCD6-494F-0158-E221-12823C92A888): 6
LogDevObjectVersion:   Dev-Niagara (F2AED0AC-9AFE-416F-8664-AA7FFA26D6FC): 1
LogDevObjectVersion:   Dev-Destruction (174F1F0B-B4C6-45A5-B13F-2EE8D0FB917D): 9
LogInit: Presizing for max 16777216 objects, including 0 objects not considered by GC, pre-allocating 0 bytes for permanent pool.
LogInit: Object subsystem initialized
LogConfig: Setting CVar [[con.DebugEarlyDefault:1]]
LogConfig: Setting CVar [[r.setres:1280x720]]
[2020.01.20-21.31.33:844][  0]LogConfig: Setting CVar [[r.VSync:0]]
[2020.01.20-21.31.33:844][  0]LogConfig: Setting CVar [[r.RHICmdBypass:0]]
[2020.01.20-21.31.33:844][  0]LogConfig: Applying CVar settings from Section [/Script/Engine.RendererSettings] File [G:/UE Projects/AITank/Saved/Config/Windows/Engine.ini]
[2020.01.20-21.31.33:844][  0]LogConfig: Setting CVar [[r.GPUCrashDebugging:0]]
[2020.01.20-21.31.33:844][  0]LogConfig: Setting CVar [[r.DefaultFeature.AutoExposure.ExtendDefaultLuminanceRange:1]]
[2020.01.20-21.31.33:844][  0]LogConfig: Applying CVar settings from Section [/Script/Engine.RendererOverrideSettings] File [G:/UE Projects/AITank/Saved/Config/Windows/Engine.ini]
[2020.01.20-21.31.33:844][  0]LogConfig: Applying CVar settings from Section [/Script/Engine.StreamingSettings] File [G:/UE Projects/AITank/Saved/Config/Windows/Engine.ini]
[2020.01.20-21.31.33:844][  0]LogConfig: Setting CVar [[s.MinBulkDataSizeForAsyncLoading:131072]]
[2020.01.20-21.31.33:844][  0]LogConfig: Setting CVar [[s.AsyncLoadingThreadEnabled:0]]
[2020.01.20-21.31.33:844][  0]LogConfig: Setting CVar [[s.EventDrivenLoaderEnabled:1]]
[2020.01.20-21.31.33:844][  0]LogConfig: Setting CVar [[s.WarnIfTimeLimitExceeded:0]]
[2020.01.20-21.31.33:844][  0]LogConfig: Setting CVar [[s.TimeLimitExceededMultiplier:1.5]]
[2020.01.20-21.31.33:844][  0]LogConfig: Setting CVar [[s.TimeLimitExceededMinTime:0.005]]
[2020.01.20-21.31.33:844][  0]LogConfig: Setting CVar [[s.UseBackgroundLevelStreaming:1]]
[2020.01.20-21.31.33:844][  0]LogConfig: Setting CVar [[s.PriorityAsyncLoadingExtraTime:15.0]]
[2020.01.20-21.31.33:845][  0]LogConfig: Setting CVar [[s.LevelStreamingActorsUpdateTimeLimit:5.0]]
[2020.01.20-21.31.33:845][  0]LogConfig: Setting CVar [[s.PriorityLevelStreamingActorsUpdateExtraTime:5.0]]
[2020.01.20-21.31.33:845][  0]LogConfig: Setting CVar [[s.LevelStreamingComponentsRegistrationGranularity:10]]
[2020.01.20-21.31.33:845][  0]LogConfig: Setting CVar [[s.UnregisterComponentsTimeLimit:1.0]]
[2020.01.20-21.31.33:845][  0]LogConfig: Setting CVar [[s.LevelStreamingComponentsUnregistrationGranularity:5]]
[2020.01.20-21.31.33:845][  0]LogConfig: Applying CVar settings from Section [/Script/Engine.GarbageCollectionSettings] File [G:/UE Projects/AITank/Saved/Config/Windows/Engine.ini]
[2020.01.20-21.31.33:845][  0]LogConfig: Setting CVar [[gc.MaxObjectsNotConsideredByGC:1]]
[2020.01.20-21.31.33:845][  0]LogConfig: Setting CVar [[gc.SizeOfPermanentObjectPool:0]]
[2020.01.20-21.31.33:845][  0]LogConfig: Setting CVar [[gc.FlushStreamingOnGC:0]]
[2020.01.20-21.31.33:845][  0]LogConfig: Setting CVar [[gc.NumRetriesBeforeForcingGC:10]]
[2020.01.20-21.31.33:845][  0]LogConfig: Setting CVar [[gc.AllowParallelGC:1]]
[2020.01.20-21.31.33:845][  0]LogConfig: Setting CVar [[gc.TimeBetweenPurgingPendingKillObjects:61.1]]
[2020.01.20-21.31.33:845][  0]LogConfig: Setting CVar [[gc.MaxObjectsInEditor:16777216]]
[2020.01.20-21.31.33:845][  0]LogConfig: Setting CVar [[gc.IncrementalBeginDestroyEnabled:1]]
[2020.01.20-21.31.33:845][  0]LogConfig: Setting CVar [[gc.CreateGCClusters:1]]
[2020.01.20-21.31.33:845][  0]LogConfig: Setting CVar [[gc.MinGCClusterSize:5]]
[2020.01.20-21.31.33:845][  0]LogConfig: Setting CVar [[gc.ActorClusteringEnabled:0]]
[2020.01.20-21.31.33:845][  0]LogConfig: Setting CVar [[gc.BlueprintClusteringEnabled:0]]
[2020.01.20-21.31.33:845][  0]LogConfig: Setting CVar [[gc.UseDisregardForGCOnDedicatedServers:0]]
[2020.01.20-21.31.33:845][  0]LogConfig: Applying CVar settings from Section [/Script/Engine.NetworkSettings] File [G:/UE Projects/AITank/Saved/Config/Windows/Engine.ini]
[2020.01.20-21.31.33:845][  0]LogConfig: Applying CVar settings from Section [/Script/UnrealEd.CookerSettings] File [G:/UE Projects/AITank/Saved/Config/Windows/Engine.ini]
[2020.01.20-21.31.33:847][  0]LogConfig: Applying CVar settings from Section [ViewDistanceQuality@3] File [G:/UE Projects/AITank/Saved/Config/Windows/Scalability.ini]
[2020.01.20-21.31.33:847][  0]LogConfig: Setting CVar [[r.SkeletalMeshLODBias:0]]
[2020.01.20-21.31.33:847][  0]LogConfig: Setting CVar [[r.ViewDistanceScale:1.0]]
[2020.01.20-21.31.33:847][  0]LogConfig: Applying CVar settings from Section [AntiAliasingQuality@3] File [G:/UE Projects/AITank/Saved/Config/Windows/Scalability.ini]
[2020.01.20-21.31.33:847][  0]LogConfig: Setting CVar [[r.PostProcessAAQuality:4]]
[2020.01.20-21.31.33:847][  0]LogConfig: Applying CVar settings from Section [ShadowQuality@3] File [G:/UE Projects/AITank/Saved/Config/Windows/Scalability.ini]
[2020.01.20-21.31.33:847][  0]LogConfig: Setting CVar [[r.LightFunctionQuality:1]]
[2020.01.20-21.31.33:847][  0]LogConfig: Setting CVar [[r.ShadowQuality:5]]
[2020.01.20-21.31.33:847][  0]LogConfig: Setting CVar [[r.Shadow.CSM.MaxCascades:10]]
[2020.01.20-21.31.33:847][  0]LogConfig: Setting CVar [[r.Shadow.MaxResolution:2048]]
[2020.01.20-21.31.33:847][  0]LogConfig: Setting CVar [[r.Shadow.MaxCSMResolution:2048]]
[2020.01.20-21.31.33:847][  0]LogConfig: Setting CVar [[r.Shadow.RadiusThreshold:0.01]]
[2020.01.20-21.31.33:847][  0]LogConfig: Setting CVar [[r.Shadow.DistanceScale:1.0]]
[2020.01.20-21.31.33:847][  0]LogConfig: Setting CVar [[r.Shadow.CSM.TransitionScale:1.0]]
[2020.01.20-21.31.33:847][  0]LogConfig: Setting CVar [[r.Shadow.PreShadowResolutionFactor:1.0]]
[2020.01.20-21.31.33:847][  0]LogConfig: Setting CVar [[r.DistanceFieldShadowing:1]]
[2020.01.20-21.31.33:847][  0]LogConfig: Setting CVar [[r.DistanceFieldAO:1]]
[2020.01.20-21.31.33:847][  0]LogConfig: Setting CVar [[r.AOQuality:2]]
[2020.01.20-21.31.33:847][  0]LogConfig: Setting CVar [[r.VolumetricFog:1]]
[2020.01.20-21.31.33:847][  0]LogConfig: Setting CVar [[r.VolumetricFog.GridPixelSize:8]]
[2020.01.20-21.31.33:847][  0]LogConfig: Setting CVar [[r.VolumetricFog.GridSizeZ:128]]
[2020.01.20-21.31.33:847][  0]LogConfig: Setting CVar [[r.VolumetricFog.HistoryMissSupersampleCount:4]]
[2020.01.20-21.31.33:847][  0]LogConfig: Setting CVar [[r.LightMaxDrawDistanceScale:1]]
[2020.01.20-21.31.33:847][  0]LogConfig: Setting CVar [[r.CapsuleShadows:1]]
[2020.01.20-21.31.33:847][  0]LogConfig: Applying CVar settings from Section [PostProcessQuality@3] File [G:/UE Projects/AITank/Saved/Config/Windows/Scalability.ini]
[2020.01.20-21.31.33:847][  0]LogConfig: Setting CVar [[r.MotionBlurQuality:4]]
[2020.01.20-21.31.33:847][  0]LogConfig: Setting CVar [[r.AmbientOcclusionMipLevelFactor:0.4]]
[2020.01.20-21.31.33:847][  0]LogConfig: Setting CVar [[r.AmbientOcclusionMaxQuality:100]]
[2020.01.20-21.31.33:847][  0]LogConfig: Setting CVar [[r.AmbientOcclusionLevels:-1]]
[2020.01.20-21.31.33:847][  0]LogConfig: Setting CVar [[r.AmbientOcclusionRadiusScale:1.0]]
[2020.01.20-21.31.33:847][  0]LogConfig: Setting CVar [[r.DepthOfFieldQuality:2]]
[2020.01.20-21.31.33:847][  0]LogConfig: Setting CVar [[r.RenderTargetPoolMin:400]]
[2020.01.20-21.31.33:847][  0]LogConfig: Setting CVar [[r.LensFlareQuality:2]]
[2020.01.20-21.31.33:847][  0]LogConfig: Setting CVar [[r.SceneColorFringeQuality:1]]
[2020.01.20-21.31.33:847][  0]LogConfig: Setting CVar [[r.EyeAdaptationQuality:2]]
[2020.01.20-21.31.33:847][  0]LogConfig: Setting CVar [[r.BloomQuality:5]]
[2020.01.20-21.31.33:847][  0]LogConfig: Setting CVar [[r.FastBlurThreshold:100]]
[2020.01.20-21.31.33:847][  0]LogConfig: Setting CVar [[r.Upscale.Quality:3]]
[2020.01.20-21.31.33:847][  0]LogConfig: Setting CVar [[r.Tonemapper.GrainQuantization:1]]
[2020.01.20-21.31.33:847][  0]LogConfig: Setting CVar [[r.LightShaftQuality:1]]
[2020.01.20-21.31.33:847][  0]LogConfig: Setting CVar [[r.Filter.SizeScale:1]]
[2020.01.20-21.31.33:847][  0]LogConfig: Setting CVar [[r.Tonemapper.Quality:5]]
[2020.01.20-21.31.33:847][  0]LogConfig: Setting CVar [[r.DOF.Gather.AccumulatorQuality:1        ; higher gathering accumulator quality]]
[2020.01.20-21.31.33:847][  0]LogConfig: Setting CVar [[r.DOF.Gather.PostfilterMethod:1          ; Median3x3 postfilering method]]
[2020.01.20-21.31.33:847][  0]LogConfig: Setting CVar [[r.DOF.Gather.EnableBokehSettings:0       ; no bokeh simulation when gathering]]
[2020.01.20-21.31.33:847][  0]LogConfig: Setting CVar [[r.DOF.Gather.RingCount:4                 ; medium number of samples when gathering]]
[2020.01.20-21.31.33:847][  0]LogConfig: Setting CVar [[r.DOF.Scatter.ForegroundCompositing:1    ; additive foreground scattering]]
[2020.01.20-21.31.33:847][  0]LogConfig: Setting CVar [[r.DOF.Scatter.BackgroundCompositing:2    ; additive background scattering]]
[2020.01.20-21.31.33:847][  0]LogConfig: Setting CVar [[r.DOF.Scatter.EnableBokehSettings:1      ; bokeh simulation when scattering]]
[2020.01.20-21.31.33:847][  0]LogConfig: Setting CVar [[r.DOF.Scatter.MaxSpriteRatio:0.1         ; only a maximum of 10% of scattered bokeh]]
[2020.01.20-21.31.33:847][  0]LogConfig: Setting CVar [[r.DOF.Recombine.Quality:1                ; cheap slight out of focus]]
[2020.01.20-21.31.33:847][  0]LogConfig: Setting CVar [[r.DOF.Recombine.EnableBokehSettings:0    ; no bokeh simulation on slight out of focus]]
[2020.01.20-21.31.33:847][  0]LogConfig: Setting CVar [[r.DOF.TemporalAAQuality:1                ; more stable temporal accumulation]]
[2020.01.20-21.31.33:847][  0]LogConfig: Setting CVar [[r.DOF.Kernel.MaxForegroundRadius:0.025]]
[2020.01.20-21.31.33:847][  0]LogConfig: Setting CVar [[r.DOF.Kernel.MaxBackgroundRadius:0.025]]
[2020.01.20-21.31.33:847][  0]LogConfig: Applying CVar settings from Section [TextureQuality@3] File [G:/UE Projects/AITank/Saved/Config/Windows/Scalability.ini]
[2020.01.20-21.31.33:847][  0]LogConfig: Setting CVar [[r.Streaming.MipBias:0]]
[2020.01.20-21.31.33:847][  0]LogConfig: Setting CVar [[r.Streaming.AmortizeCPUToGPUCopy:0]]
[2020.01.20-21.31.33:847][  0]LogConfig: Setting CVar [[r.Streaming.MaxNumTexturesToStreamPerFrame:0]]
[2020.01.20-21.31.33:847][  0]LogConfig: Setting CVar [[r.Streaming.Boost:1]]
[2020.01.20-21.31.33:847][  0]LogConfig: Setting CVar [[r.MaxAnisotropy:8]]
[2020.01.20-21.31.33:847][  0]LogConfig: Setting CVar [[r.Streaming.LimitPoolSizeToVRAM:0]]
[2020.01.20-21.31.33:848][  0]LogConfig: Setting CVar [[r.Streaming.PoolSize:1000]]
[2020.01.20-21.31.33:848][  0]LogConfig: Setting CVar [[r.Streaming.MaxEffectiveScreenSize:0]]
[2020.01.20-21.31.33:848][  0]LogConfig: Applying CVar settings from Section [EffectsQuality@3] File [G:/UE Projects/AITank/Saved/Config/Windows/Scalability.ini]
[2020.01.20-21.31.33:848][  0]LogConfig: Setting CVar [[r.TranslucencyLightingVolumeDim:64]]
[2020.01.20-21.31.33:848][  0]LogConfig: Setting CVar [[r.RefractionQuality:2]]
[2020.01.20-21.31.33:848][  0]LogConfig: Setting CVar [[r.SSR.Quality:3]]
[2020.01.20-21.31.33:848][  0]LogConfig: Setting CVar [[r.SceneColorFormat:4]]
[2020.01.20-21.31.33:848][  0]LogConfig: Setting CVar [[r.DetailMode:2]]
[2020.01.20-21.31.33:848][  0]LogConfig: Setting CVar [[r.TranslucencyVolumeBlur:1]]
[2020.01.20-21.31.33:848][  0]LogConfig: Setting CVar [[r.MaterialQualityLevel:1 ; High quality]]
[2020.01.20-21.31.33:848][  0]LogConfig: Setting CVar [[r.SSS.Scale:1]]
[2020.01.20-21.31.33:848][  0]LogConfig: Setting CVar [[r.SSS.SampleSet:2]]
[2020.01.20-21.31.33:848][  0]LogConfig: Setting CVar [[r.SSS.Quality:1]]
[2020.01.20-21.31.33:848][  0]LogConfig: Setting CVar [[r.SSS.HalfRes:1]]
[2020.01.20-21.31.33:848][  0]LogConfig: Setting CVar [[r.EmitterSpawnRateScale:1.0]]
[2020.01.20-21.31.33:848][  0]LogConfig: Setting CVar [[r.ParticleLightQuality:2]]
[2020.01.20-21.31.33:848][  0]LogConfig: Applying CVar settings from Section [FoliageQuality@3] File [G:/UE Projects/AITank/Saved/Config/Windows/Scalability.ini]
[2020.01.20-21.31.33:848][  0]LogConfig: Setting CVar [[foliage.DensityScale:1.0]]
[2020.01.20-21.31.33:848][  0]LogConfig: Setting CVar [[grass.DensityScale:1.0]]
[2020.01.20-21.31.33:848][  0]LogInit: Selected Device Profile: [Windows]
[2020.01.20-21.31.33:848][  0]LogInit: Applying CVar settings loaded from the selected device profile: [Windows]
[2020.01.20-21.31.33:850][  0]LogHAL: Display: Platform has ~ 8 GB [8501673984 / 8589934592 / 8], which maps to Default [LargestMinGB=32, LargerMinGB=12, DefaultMinGB=8, SmallerMinGB=6, SmallestMinGB=0)
[2020.01.20-21.31.33:850][  0]LogInit: Going up to parent DeviceProfile []
[2020.01.20-21.31.33:850][  0]LogConfig: Applying CVar settings from Section [ViewDistanceQuality@2] File [G:/UE Projects/AITank/Saved/Config/Windows/Scalability.ini]
[2020.01.20-21.31.33:850][  0]LogConfig: Setting CVar [[r.SkeletalMeshLODBias:0]]
[2020.01.20-21.31.33:850][  0]LogConfig: Setting CVar [[r.ViewDistanceScale:0.8]]
[2020.01.20-21.31.33:850][  0]LogConfig: Applying CVar settings from Section [AntiAliasingQuality@2] File [G:/UE Projects/AITank/Saved/Config/Windows/Scalability.ini]
[2020.01.20-21.31.33:850][  0]LogConfig: Setting CVar [[r.PostProcessAAQuality:3]]
[2020.01.20-21.31.33:850][  0]LogConfig: Applying CVar settings from Section [ShadowQuality@2] File [G:/UE Projects/AITank/Saved/Config/Windows/Scalability.ini]
[2020.01.20-21.31.33:850][  0]LogConfig: Setting CVar [[r.LightFunctionQuality:1]]
[2020.01.20-21.31.33:850][  0]LogConfig: Setting CVar [[r.ShadowQuality:5]]
[2020.01.20-21.31.33:850][  0]LogConfig: Setting CVar [[r.Shadow.CSM.MaxCascades:4]]
[2020.01.20-21.31.33:850][  0]LogConfig: Setting CVar [[r.Shadow.MaxResolution:1024]]
[2020.01.20-21.31.33:850][  0]LogConfig: Setting CVar [[r.Shadow.MaxCSMResolution:2048]]
[2020.01.20-21.31.33:850][  0]LogConfig: Setting CVar [[r.Shadow.RadiusThreshold:0.04]]
[2020.01.20-21.31.33:850][  0]LogConfig: Setting CVar [[r.Shadow.DistanceScale:0.85]]
[2020.01.20-21.31.33:850][  0]LogConfig: Setting CVar [[r.Shadow.CSM.TransitionScale:0.8]]
[2020.01.20-21.31.33:850][  0]LogConfig: Setting CVar [[r.Shadow.PreShadowResolutionFactor:0.5]]
[2020.01.20-21.31.33:850][  0]LogConfig: Setting CVar [[r.DistanceFieldShadowing:1]]
[2020.01.20-21.31.33:850][  0]LogConfig: Setting CVar [[r.DistanceFieldAO:1]]
[2020.01.20-21.31.33:850][  0]LogConfig: Setting CVar [[r.AOQuality:1]]
[2020.01.20-21.31.33:850][  0]LogConfig: Setting CVar [[r.VolumetricFog:1]]
[2020.01.20-21.31.33:850][  0]LogConfig: Setting CVar [[r.VolumetricFog.GridPixelSize:16]]
[2020.01.20-21.31.33:850][  0]LogConfig: Setting CVar [[r.VolumetricFog.GridSizeZ:64]]
[2020.01.20-21.31.33:850][  0]LogConfig: Setting CVar [[r.VolumetricFog.HistoryMissSupersampleCount:4]]
[2020.01.20-21.31.33:850][  0]LogConfig: Setting CVar [[r.LightMaxDrawDistanceScale:1]]
[2020.01.20-21.31.33:850][  0]LogConfig: Setting CVar [[r.CapsuleShadows:1]]
[2020.01.20-21.31.33:850][  0]LogConfig: Applying CVar settings from Section [PostProcessQuality@2] File [G:/UE Projects/AITank/Saved/Config/Windows/Scalability.ini]
[2020.01.20-21.31.33:850][  0]LogConfig: Setting CVar [[r.MotionBlurQuality:3]]
[2020.01.20-21.31.33:850][  0]LogConfig: Setting CVar [[r.AmbientOcclusionMipLevelFactor:0.6]]
[2020.01.20-21.31.33:850][  0]LogConfig: Setting CVar [[r.AmbientOcclusionMaxQuality:100]]
[2020.01.20-21.31.33:850][  0]LogConfig: Setting CVar [[r.AmbientOcclusionLevels:-1]]
[2020.01.20-21.31.33:850][  0]LogConfig: Setting CVar [[r.AmbientOcclusionRadiusScale:1.5]]
[2020.01.20-21.31.33:850][  0]LogConfig: Setting CVar [[r.DepthOfFieldQuality:2]]
[2020.01.20-21.31.33:851][  0]LogConfig: Setting CVar [[r.RenderTargetPoolMin:400]]
[2020.01.20-21.31.33:851][  0]LogConfig: Setting CVar [[r.LensFlareQuality:2]]
[2020.01.20-21.31.33:851][  0]LogConfig: Setting CVar [[r.SceneColorFringeQuality:1]]
[2020.01.20-21.31.33:851][  0]LogConfig: Setting CVar [[r.EyeAdaptationQuality:2]]
[2020.01.20-21.31.33:851][  0]LogConfig: Setting CVar [[r.BloomQuality:5]]
[2020.01.20-21.31.33:851][  0]LogConfig: Setting CVar [[r.FastBlurThreshold:3]]
[2020.01.20-21.31.33:851][  0]LogConfig: Setting CVar [[r.Upscale.Quality:2]]
[2020.01.20-21.31.33:851][  0]LogConfig: Setting CVar [[r.Tonemapper.GrainQuantization:1]]
[2020.01.20-21.31.33:851][  0]LogConfig: Setting CVar [[r.LightShaftQuality:1]]
[2020.01.20-21.31.33:851][  0]LogConfig: Setting CVar [[r.Filter.SizeScale:0.8]]
[2020.01.20-21.31.33:851][  0]LogConfig: Setting CVar [[r.Tonemapper.Quality:5]]
[2020.01.20-21.31.33:851][  0]LogConfig: Setting CVar [[r.DOF.Gather.AccumulatorQuality:0        ; lower gathering accumulator quality]]
[2020.01.20-21.31.33:851][  0]LogConfig: Setting CVar [[r.DOF.Gather.PostfilterMethod:2          ; Max3x3 postfilering method]]
[2020.01.20-21.31.33:851][  0]LogConfig: Setting CVar [[r.DOF.Gather.EnableBokehSettings:0       ; no bokeh simulation when gathering]]
[2020.01.20-21.31.33:851][  0]LogConfig: Setting CVar [[r.DOF.Gather.RingCount:4                 ; medium number of samples when gathering]]
[2020.01.20-21.31.33:851][  0]LogConfig: Setting CVar [[r.DOF.Scatter.ForegroundCompositing:1    ; additive foreground scattering]]
[2020.01.20-21.31.33:851][  0]LogConfig: Setting CVar [[r.DOF.Scatter.BackgroundCompositing:1    ; no background occlusion]]
[2020.01.20-21.31.33:851][  0]LogConfig: Setting CVar [[r.DOF.Scatter.EnableBokehSettings:0      ; no bokeh simulation when scattering]]
[2020.01.20-21.31.33:851][  0]LogConfig: Setting CVar [[r.DOF.Scatter.MaxSpriteRatio:0.04        ; only a maximum of 4% of scattered bokeh]]
[2020.01.20-21.31.33:851][  0]LogConfig: Setting CVar [[r.DOF.Recombine.Quality:0                ; no slight out of focus]]
[2020.01.20-21.31.33:851][  0]LogConfig: Setting CVar [[r.DOF.TemporalAAQuality:0                ; faster temporal accumulation]]
[2020.01.20-21.31.33:851][  0]LogConfig: Setting CVar [[r.DOF.Kernel.MaxForegroundRadius:0.012   ; required because of AccumulatorQuality=0]]
[2020.01.20-21.31.33:851][  0]LogConfig: Setting CVar [[r.DOF.Kernel.MaxBackgroundRadius:0.012   ; required because of AccumulatorQuality=0]]
[2020.01.20-21.31.33:851][  0]LogConfig: Applying CVar settings from Section [TextureQuality@2] File [G:/UE Projects/AITank/Saved/Config/Windows/Scalability.ini]
[2020.01.20-21.31.33:851][  0]LogConfig: Setting CVar [[r.Streaming.MipBias:0]]
[2020.01.20-21.31.33:851][  0]LogConfig: Setting CVar [[r.Streaming.AmortizeCPUToGPUCopy:0]]
[2020.01.20-21.31.33:851][  0]LogConfig: Setting CVar [[r.Streaming.MaxNumTexturesToStreamPerFrame:0]]
[2020.01.20-21.31.33:851][  0]LogConfig: Setting CVar [[r.Streaming.Boost:1]]
[2020.01.20-21.31.33:851][  0]LogConfig: Setting CVar [[r.MaxAnisotropy:4]]
[2020.01.20-21.31.33:851][  0]LogConfig: Setting CVar [[r.Streaming.LimitPoolSizeToVRAM:1]]
[2020.01.20-21.31.33:851][  0]LogConfig: Setting CVar [[r.Streaming.PoolSize:800]]
[2020.01.20-21.31.33:851][  0]LogConfig: Setting CVar [[r.Streaming.MaxEffectiveScreenSize:0]]
[2020.01.20-21.31.33:851][  0]LogConfig: Applying CVar settings from Section [EffectsQuality@2] File [G:/UE Projects/AITank/Saved/Config/Windows/Scalability.ini]
[2020.01.20-21.31.33:851][  0]LogConfig: Setting CVar [[r.TranslucencyLightingVolumeDim:48]]
[2020.01.20-21.31.33:851][  0]LogConfig: Setting CVar [[r.RefractionQuality:2]]
[2020.01.20-21.31.33:851][  0]LogConfig: Setting CVar [[r.SSR.Quality:2]]
[2020.01.20-21.31.33:851][  0]LogConfig: Setting CVar [[r.SceneColorFormat:3]]
[2020.01.20-21.31.33:851][  0]LogConfig: Setting CVar [[r.DetailMode:1]]
[2020.01.20-21.31.33:851][  0]LogConfig: Setting CVar [[r.TranslucencyVolumeBlur:1]]
[2020.01.20-21.31.33:851][  0]LogConfig: Setting CVar [[r.MaterialQualityLevel:1 ; High quality]]
[2020.01.20-21.31.33:851][  0]LogConfig: Setting CVar [[r.SSS.Scale:1]]
[2020.01.20-21.31.33:851][  0]LogConfig: Setting CVar [[r.SSS.SampleSet:1]]
[2020.01.20-21.31.33:851][  0]LogConfig: Setting CVar [[r.SSS.Quality:-1]]
[2020.01.20-21.31.33:851][  0]LogConfig: Setting CVar [[r.SSS.HalfRes:1]]
[2020.01.20-21.31.33:851][  0]LogConfig: Setting CVar [[r.EmitterSpawnRateScale:0.5]]
[2020.01.20-21.31.33:851][  0]LogConfig: Setting CVar [[r.ParticleLightQuality:1]]
[2020.01.20-21.31.33:851][  0]LogConfig: Applying CVar settings from Section [FoliageQuality@2] File [G:/UE Projects/AITank/Saved/Config/Windows/Scalability.ini]
[2020.01.20-21.31.33:851][  0]LogConfig: Setting CVar [[foliage.DensityScale:0.8]]
[2020.01.20-21.31.33:851][  0]LogConfig: Setting CVar [[grass.DensityScale:0.8]]
[2020.01.20-21.31.33:851][  0]LogConfig: Applying CVar settings from Section [Startup] File [../../../Engine/Config/ConsoleVariables.ini]
[2020.01.20-21.31.33:851][  0]LogConfig: Setting CVar [[net.UseAdaptiveNetUpdateFrequency:0]]
[2020.01.20-21.31.33:851][  0]LogConfig: Setting CVar [[p.chaos.AllowCreatePhysxBodies:1]]
[2020.01.20-21.31.33:851][  0]LogConfig: Applying CVar settings from Section [ConsoleVariables] File [G:/UE Projects/AITank/Saved/Config/Windows/Engine.ini]
[2020.01.20-21.31.33:851][  0]LogInit: Computer: DESKTOP-P9PFQRS
[2020.01.20-21.31.33:851][  0]LogInit: User: AbuTaim
[2020.01.20-21.31.33:851][  0]LogInit: CPU Page size=4096, Cores=2
[2020.01.20-21.31.33:851][  0]LogInit: High frequency timer resolution =10.000000 MHz
[2020.01.20-21.31.33:852][  0]LogMemory: Memory total: Physical=7.9GB (8GB approx)
[2020.01.20-21.31.33:852][  0]LogMemory: Platform Memory Stats for Windows
[2020.01.20-21.31.33:852][  0]LogMemory: Process Physical Memory: 98.91 MB used, 98.91 MB peak
[2020.01.20-21.31.33:852][  0]LogMemory: Process Virtual Memory: 97.95 MB used, 97.95 MB peak
[2020.01.20-21.31.33:852][  0]LogMemory: Physical Memory: 4653.29 MB used,  3454.54 MB free, 8107.83 MB total
[2020.01.20-21.31.33:852][  0]LogMemory: Virtual Memory: 4650.06 MB used,  134213080.00 MB free, 134217728.00 MB total
[2020.01.20-21.31.33:854][  0]LogWindows: WindowsPlatformFeatures enabled
[2020.01.20-21.31.33:867][  0]LogInit: Using OS detected language (ar-SA).
[2020.01.20-21.31.33:867][  0]LogInit: Using OS detected locale (ar-PS).
[2020.01.20-21.31.33:867][  0]LogTextLocalizationManager: No specific localization for 'ar-SA' exists, so the 'ar' localization will be used.
[2020.01.20-21.31.33:869][  0]LogInit: Setting process to per monitor DPI aware
[2020.01.20-21.31.34:002][  0]LogSlate: New Slate User Created.  User Index 0, Is Virtual User: 0
[2020.01.20-21.31.34:002][  0]LogSlate: Slate User Registered.  User Index 0, Is Virtual User: 0
[2020.01.20-21.31.34:142][  0]LogHMD: Failed to initialize OpenVR with code 110
[2020.01.20-21.31.34:142][  0]LogD3D11RHI: D3D11 adapters:
[2020.01.20-21.31.34:161][  0]LogD3D11RHI:    0. 'Intel(R) HD Graphics 620' (Feature Level 11_0)
[2020.01.20-21.31.34:161][  0]LogD3D11RHI:       128/0/4053 MB DedicatedVideo/DedicatedSystem/SharedSystem, Outputs:1, VendorId:0x8086
[2020.01.20-21.31.34:187][  0]LogD3D11RHI:    1. 'AMD Radeon(TM) R7 M440' (Feature Level 11_0)
[2020.01.20-21.31.34:187][  0]LogD3D11RHI:       4087/0/4053 MB DedicatedVideo/DedicatedSystem/SharedSystem, Outputs:0, VendorId:0x1002
[2020.01.20-21.31.34:191][  0]LogD3D11RHI:    2. 'Microsoft Basic Render Driver' (Feature Level 11_0)
[2020.01.20-21.31.34:191][  0]LogD3D11RHI:       0/0/4053 MB DedicatedVideo/DedicatedSystem/SharedSystem, Outputs:0, VendorId:0x1414
[2020.01.20-21.31.34:191][  0]LogD3D11RHI: Chosen D3D11 Adapter: 1
[2020.01.20-21.31.34:197][  0]LogD3D11RHI: Creating new Direct3DDevice
[2020.01.20-21.31.34:197][  0]LogD3D11RHI:     GPU DeviceId: 0x6900 (for the marketing name, search the web for "GPU Device Id")
[2020.01.20-21.31.34:197][  0]LogWindows: EnumDisplayDevices:
[2020.01.20-21.31.34:197][  0]LogWindows:    0. 'Intel(R) HD Graphics 620' (P:1 D:1)
[2020.01.20-21.31.34:197][  0]LogWindows:    1. 'Intel(R) HD Graphics 620' (P:0 D:0)
[2020.01.20-21.31.34:197][  0]LogWindows:    2. 'Intel(R) HD Graphics 620' (P:0 D:0)
[2020.01.20-21.31.34:198][  0]LogWindows: DebugString: PrimaryIsNotTheChoosenAdapter PrimaryIsNotTheChoosenAdapter PrimaryIsNotTheChoosenAdapter FoundDriverCount:0 
[2020.01.20-21.31.34:198][  0]LogD3D11RHI:     Adapter Name: AMD Radeon(TM) R7 M440
[2020.01.20-21.31.34:198][  0]LogD3D11RHI:   Driver Version: Unknown (internal:Unknown, unified:Unknown)
[2020.01.20-21.31.34:198][  0]LogD3D11RHI:      Driver Date: Unknown
[2020.01.20-21.31.34:198][  0]LogRHI: Texture pool is 2861 MB (70% of 4087 MB)
[2020.01.20-21.31.34:222][  0]LogD3D11RHI: Async texture creation enabled
[2020.01.20-21.31.34:235][  0]LogD3D11RHI: GPU Timing Frequency: 27.000000 (Debug: 2 1)
[2020.01.20-21.31.34:606][  0]LogTemp: Display: Module 'AllDesktopTargetPlatform' loaded TargetPlatform 'AllDesktop'
[2020.01.20-21.31.34:613][  0]LogTemp: Display: Module 'MacClientTargetPlatform' loaded TargetPlatform 'MacClient'
[2020.01.20-21.31.34:620][  0]LogTemp: Display: Module 'MacNoEditorTargetPlatform' loaded TargetPlatform 'MacNoEditor'
[2020.01.20-21.31.34:627][  0]LogTemp: Display: Module 'MacServerTargetPlatform' loaded TargetPlatform 'MacServer'
[2020.01.20-21.31.34:634][  0]LogTemp: Display: Module 'MacTargetPlatform' loaded TargetPlatform 'Mac'
[2020.01.20-21.31.34:641][  0]LogTemp: Display: Module 'WindowsClientTargetPlatform' loaded TargetPlatform 'WindowsClient'
[2020.01.20-21.31.34:648][  0]LogTemp: Display: Module 'WindowsNoEditorTargetPlatform' loaded TargetPlatform 'WindowsNoEditor'
[2020.01.20-21.31.34:655][  0]LogTemp: Display: Module 'WindowsServerTargetPlatform' loaded TargetPlatform 'WindowsServer'
[2020.01.20-21.31.34:658][  0]LogTemp: Display: Module 'WindowsTargetPlatform' loaded TargetPlatform 'Windows'
[2020.01.20-21.31.34:688][  0]LogTemp: Display: Module 'AndroidTargetPlatform' loaded TargetPlatform 'Android'
[2020.01.20-21.31.34:688][  0]LogTemp: Display: Module 'AndroidTargetPlatform' loaded TargetPlatform 'Android_ASTC'
[2020.01.20-21.31.34:688][  0]LogTemp: Display: Module 'AndroidTargetPlatform' loaded TargetPlatform 'Android_ATC'
[2020.01.20-21.31.34:688][  0]LogTemp: Display: Module 'AndroidTargetPlatform' loaded TargetPlatform 'Android_DXT'
[2020.01.20-21.31.34:688][  0]LogTemp: Display: Module 'AndroidTargetPlatform' loaded TargetPlatform 'Android_ETC1'
[2020.01.20-21.31.34:688][  0]LogTemp: Display: Module 'AndroidTargetPlatform' loaded TargetPlatform 'Android_ETC1a'
[2020.01.20-21.31.34:688][  0]LogTemp: Display: Module 'AndroidTargetPlatform' loaded TargetPlatform 'Android_ETC2'
[2020.01.20-21.31.34:688][  0]LogTemp: Display: Module 'AndroidTargetPlatform' loaded TargetPlatform 'Android_PVRTC'
[2020.01.20-21.31.34:688][  0]LogTemp: Display: Module 'AndroidTargetPlatform' loaded TargetPlatform 'AndroidClient'
[2020.01.20-21.31.34:688][  0]LogTemp: Display: Module 'AndroidTargetPlatform' loaded TargetPlatform 'Android_ASTCClient'
[2020.01.20-21.31.34:688][  0]LogTemp: Display: Module 'AndroidTargetPlatform' loaded TargetPlatform 'Android_ATCClient'
[2020.01.20-21.31.34:688][  0]LogTemp: Display: Module 'AndroidTargetPlatform' loaded TargetPlatform 'Android_DXTClient'
[2020.01.20-21.31.34:688][  0]LogTemp: Display: Module 'AndroidTargetPlatform' loaded TargetPlatform 'Android_ETC1Client'
[2020.01.20-21.31.34:688][  0]LogTemp: Display: Module 'AndroidTargetPlatform' loaded TargetPlatform 'Android_ETC1aClient'
[2020.01.20-21.31.34:688][  0]LogTemp: Display: Module 'AndroidTargetPlatform' loaded TargetPlatform 'Android_ETC2Client'
[2020.01.20-21.31.34:688][  0]LogTemp: Display: Module 'AndroidTargetPlatform' loaded TargetPlatform 'Android_PVRTCClient'
[2020.01.20-21.31.34:688][  0]LogTemp: Display: Module 'AndroidTargetPlatform' loaded TargetPlatform 'Android_Multi'
[2020.01.20-21.31.34:688][  0]LogTemp: Display: Module 'AndroidTargetPlatform' loaded TargetPlatform 'Android_MultiClient'
[2020.01.20-21.31.34:690][  0]LogTemp: Display: Module 'HTML5TargetPlatform' loaded TargetPlatform 'HTML5'
[2020.01.20-21.31.34:704][  0]LogTemp: Display: Module 'IOSTargetPlatform' loaded TargetPlatform 'IOSClient'
[2020.01.20-21.31.34:704][  0]LogTemp: Display: Module 'IOSTargetPlatform' loaded TargetPlatform 'IOS'
[2020.01.20-21.31.34:716][  0]LogTemp: Display: Module 'TVOSTargetPlatform' loaded TargetPlatform 'TVOSClient'
[2020.01.20-21.31.34:716][  0]LogTemp: Display: Module 'TVOSTargetPlatform' loaded TargetPlatform 'TVOS'
[2020.01.20-21.31.34:722][  0]LogTemp: Display: Module 'LinuxClientTargetPlatform' loaded TargetPlatform 'LinuxClient'
[2020.01.20-21.31.34:728][  0]LogTemp: Display: Module 'LinuxNoEditorTargetPlatform' loaded TargetPlatform 'LinuxNoEditor'
[2020.01.20-21.31.34:734][  0]LogTemp: Display: Module 'LinuxServerTargetPlatform' loaded TargetPlatform 'LinuxServer'
[2020.01.20-21.31.34:741][  0]LogTemp: Display: Module 'LinuxTargetPlatform' loaded TargetPlatform 'Linux'
[2020.01.20-21.31.34:762][  0]LogTemp: Display: Module 'LuminTargetPlatform' loaded TargetPlatform 'Lumin'
[2020.01.20-21.31.34:762][  0]LogTemp: Display: Module 'LuminTargetPlatform' loaded TargetPlatform 'LuminClient'
[2020.01.20-21.31.34:762][  0]LogTargetPlatformManager: Display: Building Assets For Windows
[2020.01.20-21.31.34:768][  0]LogAudioDebug: Display: Lib vorbis DLL was dynamically loaded.
[2020.01.20-21.31.34:803][  0]LogShaderCompilers: Guid format shader working directory is 16 characters bigger than the processId version (../../../../../UE Projects/AITank/Intermediate/Shaders/WorkingDirectory/6220/).
[2020.01.20-21.31.34:803][  0]LogShaderCompilers: Cleaned the shader compiler working directory 'C:/Users/Abu Taim/AppData/Local/Temp/UnrealShaderWorkingDir/E0E1B7F946C5EBA0E8135A88EADF0F8F/'.
[2020.01.20-21.31.34:805][  0]LogXGEController: Cannot use XGE Controller as Incredibuild is not installed on this machine.
[2020.01.20-21.31.34:805][  0]LogShaderCompilers: Cannot use XGE Shader Compiler as Incredibuild is not installed on this machine.
[2020.01.20-21.31.34:805][  0]LogShaderCompilers: Display: Using Local Shader Compiler.
[2020.01.20-21.31.35:394][  0]LogDerivedDataCache: Display: Max Cache Size: 512 MB
[2020.01.20-21.31.35:470][  0]LogDerivedDataCache: Loaded boot cache 0.08s 85MB C:/Users/Abu Taim/AppData/Local/UnrealEngine/4.23/DerivedDataCache/Boot.ddc.
[2020.01.20-21.31.35:470][  0]LogDerivedDataCache: Display: Loaded Boot cache: C:/Users/Abu Taim/AppData/Local/UnrealEngine/4.23/DerivedDataCache/Boot.ddc
[2020.01.20-21.31.35:470][  0]LogDerivedDataCache: FDerivedDataBackendGraph:  Pak pak cache file ../../../../../UE Projects/AITank/DerivedDataCache/DDC.ddp not found, will not use a pak cache.
[2020.01.20-21.31.35:470][  0]LogDerivedDataCache: Unable to find inner node Pak for hierarchical cache Hierarchy.
[2020.01.20-21.31.35:470][  0]LogDerivedDataCache: FDerivedDataBackendGraph:  CompressedPak pak cache file ../../../../../UE Projects/AITank/DerivedDataCache/Compressed.ddp not found, will not use a pak cache.
[2020.01.20-21.31.35:470][  0]LogDerivedDataCache: Unable to find inner node CompressedPak for hierarchical cache Hierarchy.
[2020.01.20-21.31.35:481][  0]LogDerivedDataCache: Display: Pak cache opened for reading ../../../Engine/DerivedDataCache/Compressed.ddp.
[2020.01.20-21.31.35:482][  0]LogDerivedDataCache: FDerivedDataBackendGraph:  EnterprisePak pak cache file ../../../Enterprise/DerivedDataCache/Compressed.ddp not found, will not use a pak cache.
[2020.01.20-21.31.35:482][  0]LogDerivedDataCache: Unable to find inner node EnterprisePak for hierarchical cache Hierarchy.
[2020.01.20-21.31.35:483][  0]LogDerivedDataCache: Using Local data cache path C:/Users/Abu Taim/AppData/Local/UnrealEngine/Common/DerivedDataCache: Writable
[2020.01.20-21.31.35:483][  0]LogDerivedDataCache: Shared data cache path not found in *engine.ini, will not use an Shared cache.
[2020.01.20-21.31.35:483][  0]LogDerivedDataCache: Unable to find inner node Shared for hierarchical cache Hierarchy.
[2020.01.20-21.31.35:505][  0]LogMaterial: Verifying Global Shaders for PCD3D_SM5
[2020.01.20-21.31.35:507][  0]LogSlate: Using FreeType 2.6.0
[2020.01.20-21.31.35:507][  0]LogSlate: SlateFontServices - WITH_FREETYPE: 1, WITH_HARFBUZZ: 1
[2020.01.20-21.31.35:555][  0]LogAssetRegistry: FAssetRegistry took 0.0022 seconds to start up
[2020.01.20-21.31.35:802][  0]LogInit: Selected Device Profile: [Windows]
[2020.01.20-21.31.35:935][  0]LogMeshReduction: Using QuadricMeshReduction for automatic static mesh reduction
[2020.01.20-21.31.35:935][  0]LogMeshReduction: Using SimplygonMeshReduction for automatic skeletal mesh reduction
[2020.01.20-21.31.35:935][  0]LogMeshReduction: Using ProxyLODMeshReduction for automatic mesh merging
[2020.01.20-21.31.35:935][  0]LogMeshReduction: No distributed automatic mesh merging module available
[2020.01.20-21.31.35:935][  0]LogMeshMerging: No distributed automatic mesh merging module available
[2020.01.20-21.31.35:943][  0]LogNetVersion: AITank 1.0.0, NetCL: 8386587, EngineNetVer: 11, GameNetVer: 0 (Checksum: 4259709948)
[2020.01.20-21.31.36:522][  0]LogPackageLocalizationCache: Processed 12 localized package path(s) for 1 prioritized culture(s) in 0.224936 seconds
[2020.01.20-21.31.36:528][  0]LogUObjectArray: 43444 objects as part of root set at end of initial load.
[2020.01.20-21.31.36:528][  0]LogUObjectAllocator: 7548648 out of 0 bytes used by permanent object pool.
[2020.01.20-21.31.36:528][  0]LogUObjectArray: CloseDisregardForGC: 0/0 objects in disregard for GC pool
[2020.01.20-21.31.36:557][  0]LogStreaming: Warning: Failed to read file '../../../Engine/Content/Editor/Slate/Icons/view_button.png' error.
[2020.01.20-21.31.36:557][  0]LogSlate: Could not find file for Slate resource: ../../../Engine/Content/Editor/Slate/Icons/view_button.png
[2020.01.20-21.31.36:558][  0]LogStreaming: Warning: Failed to read file '../../../Engine/Content/Editor/Slate/Icons/wrench_16x.png' error.
[2020.01.20-21.31.36:558][  0]LogSlate: Could not find file for Slate resource: ../../../Engine/Content/Editor/Slate/Icons/wrench_16x.png
[2020.01.20-21.31.36:617][  0]LogStreaming: Warning: Failed to read file '../../../Engine/Content/Editor/Slate/Icons/wrench_16x.png' error.
[2020.01.20-21.31.36:617][  0]LogSlate: Could not find file for Slate resource: ../../../Engine/Content/Editor/Slate/Icons/wrench_16x.png
[2020.01.20-21.31.36:684][  0]LogStreaming: Warning: Failed to read file '../../../Engine/Content/Editor/Slate/Icons/VertexColorPaint_40x.png' error.
[2020.01.20-21.31.36:684][  0]LogSlate: Could not find file for Slate resource: ../../../Engine/Content/Editor/Slate/Icons/VertexColorPaint_40x.png
[2020.01.20-21.31.36:684][  0]LogStreaming: Warning: Failed to read file '../../../Engine/Content/Editor/Slate/Icons/VertexColorPaint_40x.png' error.
[2020.01.20-21.31.36:684][  0]LogSlate: Could not find file for Slate resource: ../../../Engine/Content/Editor/Slate/Icons/VertexColorPaint_40x.png
[2020.01.20-21.31.36:684][  0]LogStreaming: Warning: Failed to read file '../../../Engine/Content/Editor/Slate/Icons/WeightPaint_40x.png' error.
[2020.01.20-21.31.36:684][  0]LogSlate: Could not find file for Slate resource: ../../../Engine/Content/Editor/Slate/Icons/WeightPaint_40x.png
[2020.01.20-21.31.36:684][  0]LogStreaming: Warning: Failed to read file '../../../Engine/Content/Editor/Slate/Icons/WeightPaint_40x.png' error.
[2020.01.20-21.31.36:684][  0]LogSlate: Could not find file for Slate resource: ../../../Engine/Content/Editor/Slate/Icons/WeightPaint_40x.png
[2020.01.20-21.31.36:687][  0]LogStreaming: Warning: Failed to read file '../../../Engine/Content/Editor/Slate/Icons/VREditor/VR_Editor_Toolbar_Icon.png' error.
[2020.01.20-21.31.36:687][  0]LogSlate: Could not find file for Slate resource: ../../../Engine/Content/Editor/Slate/Icons/VREditor/VR_Editor_Toolbar_Icon.png
[2020.01.20-21.31.36:687][  0]LogStreaming: Warning: Failed to read file '../../../Engine/Content/Editor/Slate/Icons/VREditor/VR_Editor_Toolbar_Icon_Small.png' error.
[2020.01.20-21.31.36:687][  0]LogSlate: Could not find file for Slate resource: ../../../Engine/Content/Editor/Slate/Icons/VREditor/VR_Editor_Toolbar_Icon_Small.png
[2020.01.20-21.31.36:689][  0]LogStreaming: Warning: Failed to read file '../../../Engine/Content/Editor/Slate/Icons/ViewportLayout_OnePane.png' error.
[2020.01.20-21.31.36:689][  0]LogSlate: Could not find file for Slate resource: ../../../Engine/Content/Editor/Slate/Icons/ViewportLayout_OnePane.png
[2020.01.20-21.31.36:689][  0]LogStreaming: Warning: Failed to read file '../../../Engine/Content/Editor/Slate/Icons/ViewportLayout_OnePane.png' error.
[2020.01.20-21.31.36:689][  0]LogSlate: Could not find file for Slate resource: ../../../Engine/Content/Editor/Slate/Icons/ViewportLayout_OnePane.png
[2020.01.20-21.31.36:689][  0]LogStreaming: Warning: Failed to read file '../../../Engine/Content/Editor/Slate/Icons/ViewportLayout_TwoPanesHoriz.png' error.
[2020.01.20-21.31.36:689][  0]LogSlate: Could not find file for Slate resource: ../../../Engine/Content/Editor/Slate/Icons/ViewportLayout_TwoPanesHoriz.png
[2020.01.20-21.31.36:689][  0]LogStreaming: Warning: Failed to read file '../../../Engine/Content/Editor/Slate/Icons/ViewportLayout_TwoPanesHoriz.png' error.
[2020.01.20-21.31.36:689][  0]LogSlate: Could not find file for Slate resource: ../../../Engine/Content/Editor/Slate/Icons/ViewportLayout_TwoPanesHoriz.png
[2020.01.20-21.31.36:689][  0]LogStreaming: Warning: Failed to read file '../../../Engine/Content/Editor/Slate/Icons/ViewportLayout_TwoPanesVert.png' error.
[2020.01.20-21.31.36:689][  0]LogSlate: Could not find file for Slate resource: ../../../Engine/Content/Editor/Slate/Icons/ViewportLayout_TwoPanesVert.png
[2020.01.20-21.31.36:689][  0]LogStreaming: Warning: Failed to read file '../../../Engine/Content/Editor/Slate/Icons/ViewportLayout_TwoPanesVert.png' error.
[2020.01.20-21.31.36:689][  0]LogSlate: Could not find file for Slate resource: ../../../Engine/Content/Editor/Slate/Icons/ViewportLayout_TwoPanesVert.png
[2020.01.20-21.31.36:689][  0]LogStreaming: Warning: Failed to read file '../../../Engine/Content/Editor/Slate/Icons/ViewportLayout_ThreePanesLeft.png' error.
[2020.01.20-21.31.36:689][  0]LogSlate: Could not find file for Slate resource: ../../../Engine/Content/Editor/Slate/Icons/ViewportLayout_ThreePanesLeft.png
[2020.01.20-21.31.36:689][  0]LogStreaming: Warning: Failed to read file '../../../Engine/Content/Editor/Slate/Icons/ViewportLayout_ThreePanesLeft.png' error.
[2020.01.20-21.31.36:689][  0]LogSlate: Could not find file for Slate resource: ../../../Engine/Content/Editor/Slate/Icons/ViewportLayout_ThreePanesLeft.png
[2020.01.20-21.31.36:689][  0]LogStreaming: Warning: Failed to read file '../../../Engine/Content/Editor/Slate/Icons/ViewportLayout_ThreePanesRight.png' error.
[2020.01.20-21.31.36:689][  0]LogSlate: Could not find file for Slate resource: ../../../Engine/Content/Editor/Slate/Icons/ViewportLayout_ThreePanesRight.png
[2020.01.20-21.31.36:690][  0]LogStreaming: Warning: Failed to read file '../../../Engine/Content/Editor/Slate/Icons/ViewportLayout_ThreePanesRight.png' error.
[2020.01.20-21.31.36:690][  0]LogSlate: Could not find file for Slate resource: ../../../Engine/Content/Editor/Slate/Icons/ViewportLayout_ThreePanesRight.png
[2020.01.20-21.31.36:690][  0]LogStreaming: Warning: Failed to read file '../../../Engine/Content/Editor/Slate/Icons/ViewportLayout_ThreePanesTop.png' error.
[2020.01.20-21.31.36:690][  0]LogSlate: Could not find file for Slate resource: ../../../Engine/Content/Editor/Slate/Icons/ViewportLayout_ThreePanesTop.png
[2020.01.20-21.31.36:690][  0]LogStreaming: Warning: Failed to read file '../../../Engine/Content/Editor/Slate/Icons/ViewportLayout_ThreePanesTop.png' error.
[2020.01.20-21.31.36:690][  0]LogSlate: Could not find file for Slate resource: ../../../Engine/Content/Editor/Slate/Icons/ViewportLayout_ThreePanesTop.png
[2020.01.20-21.31.36:690][  0]LogStreaming: Warning: Failed to read file '../../../Engine/Content/Editor/Slate/Icons/ViewportLayout_ThreePanesBottom.png' error.
[2020.01.20-21.31.36:690][  0]LogSlate: Could not find file for Slate resource: ../../../Engine/Content/Editor/Slate/Icons/ViewportLayout_ThreePanesBottom.png
[2020.01.20-21.31.36:690][  0]LogStreaming: Warning: Failed to read file '../../../Engine/Content/Editor/Slate/Icons/ViewportLayout_ThreePanesBottom.png' error.
[2020.01.20-21.31.36:690][  0]LogSlate: Could not find file for Slate resource: ../../../Engine/Content/Editor/Slate/Icons/ViewportLayout_ThreePanesBottom.png
[2020.01.20-21.31.36:690][  0]LogStreaming: Warning: Failed to read file '../../../Engine/Content/Editor/Slate/Icons/ViewportLayout_FourPanesLeft.png' error.
[2020.01.20-21.31.36:690][  0]LogSlate: Could not find file for Slate resource: ../../../Engine/Content/Editor/Slate/Icons/ViewportLayout_FourPanesLeft.png
[2020.01.20-21.31.36:690][  0]LogStreaming: Warning: Failed to read file '../../../Engine/Content/Editor/Slate/Icons/ViewportLayout_FourPanesLeft.png' error.
[2020.01.20-21.31.36:690][  0]LogSlate: Could not find file for Slate resource: ../../../Engine/Content/Editor/Slate/Icons/ViewportLayout_FourPanesLeft.png
[2020.01.20-21.31.36:690][  0]LogStreaming: Warning: Failed to read file '../../../Engine/Content/Editor/Slate/Icons/ViewportLayout_FourPanesRight.png' error.
[2020.01.20-21.31.36:690][  0]LogSlate: Could not find file for Slate resource: ../../../Engine/Content/Editor/Slate/Icons/ViewportLayout_FourPanesRight.png
[2020.01.20-21.31.36:690][  0]LogStreaming: Warning: Failed to read file '../../../Engine/Content/Editor/Slate/Icons/ViewportLayout_FourPanesRight.png' error.
[2020.01.20-21.31.36:690][  0]LogSlate: Could not find file for Slate resource: ../../../Engine/Content/Editor/Slate/Icons/ViewportLayout_FourPanesRight.png
[2020.01.20-21.31.36:690][  0]LogStreaming: Warning: Failed to read file '../../../Engine/Content/Editor/Slate/Icons/ViewportLayout_FourPanesTop.png' error.
[2020.01.20-21.31.36:690][  0]LogSlate: Could not find file for Slate resource: ../../../Engine/Content/Editor/Slate/Icons/ViewportLayout_FourPanesTop.png
[2020.01.20-21.31.36:690][  0]LogStreaming: Warning: Failed to read file '../../../Engine/Content/Editor/Slate/Icons/ViewportLayout_FourPanesTop.png' error.
[2020.01.20-21.31.36:690][  0]LogSlate: Could not find file for Slate resource: ../../../Engine/Content/Editor/Slate/Icons/ViewportLayout_FourPanesTop.png
[2020.01.20-21.31.36:690][  0]LogStreaming: Warning: Failed to read file '../../../Engine/Content/Editor/Slate/Icons/ViewportLayout_FourPanesBottom.png' error.
[2020.01.20-21.31.36:690][  0]LogSlate: Could not find file for Slate resource: ../../../Engine/Content/Editor/Slate/Icons/ViewportLayout_FourPanesBottom.png
[2020.01.20-21.31.36:690][  0]LogStreaming: Warning: Failed to read file '../../../Engine/Content/Editor/Slate/Icons/ViewportLayout_FourPanesBottom.png' error.
[2020.01.20-21.31.36:690][  0]LogSlate: Could not find file for Slate resource: ../../../Engine/Content/Editor/Slate/Icons/ViewportLayout_FourPanesBottom.png
[2020.01.20-21.31.36:690][  0]LogStreaming: Warning: Failed to read file '../../../Engine/Content/Editor/Slate/Icons/ViewportLayout_FourPanes2x2.png' error.
[2020.01.20-21.31.36:690][  0]LogSlate: Could not find file for Slate resource: ../../../Engine/Content/Editor/Slate/Icons/ViewportLayout_FourPanes2x2.png
[2020.01.20-21.31.36:690][  0]LogStreaming: Warning: Failed to read file '../../../Engine/Content/Editor/Slate/Icons/ViewportLayout_FourPanes2x2.png' error.
[2020.01.20-21.31.36:690][  0]LogSlate: Could not find file for Slate resource: ../../../Engine/Content/Editor/Slate/Icons/ViewportLayout_FourPanes2x2.png
[2020.01.20-21.31.36:893][  0]LogStreaming: Warning: Failed to read file '../../../Engine/Content/Editor/Slate/Launcher/Launcher_Back.png' error.
[2020.01.20-21.31.36:893][  0]LogSlate: Could not find file for Slate resource: ../../../Engine/Content/Editor/Slate/Launcher/Launcher_Back.png
[2020.01.20-21.31.36:893][  0]LogStreaming: Warning: Failed to read file '../../../Engine/Content/Editor/Slate/Launcher/Launcher_Back.png' error.
[2020.01.20-21.31.36:893][  0]LogSlate: Could not find file for Slate resource: ../../../Engine/Content/Editor/Slate/Launcher/Launcher_Back.png
[2020.01.20-21.31.36:893][  0]LogStreaming: Warning: Failed to read file '../../../Engine/Content/Editor/Slate/Launcher/Launcher_Delete.png' error.
[2020.01.20-21.31.36:893][  0]LogSlate: Could not find file for Slate resource: ../../../Engine/Content/Editor/Slate/Launcher/Launcher_Delete.png
[2020.01.20-21.31.36:893][  0]LogStreaming: Warning: Failed to read file '../../../Engine/Content/Editor/Slate/Launcher/Instance_Commandlet.png' error.
[2020.01.20-21.31.36:893][  0]LogSlate: Could not find file for Slate resource: ../../../Engine/Content/Editor/Slate/Launcher/Instance_Commandlet.png
[2020.01.20-21.31.36:893][  0]LogStreaming: Warning: Failed to read file '../../../Engine/Content/Editor/Slate/Launcher/Instance_Editor.png' error.
[2020.01.20-21.31.36:893][  0]LogSlate: Could not find file for Slate resource: ../../../Engine/Content/Editor/Slate/Launcher/Instance_Editor.png
[2020.01.20-21.31.36:893][  0]LogStreaming: Warning: Failed to read file '../../../Engine/Content/Editor/Slate/Launcher/Instance_Game.png' error.
[2020.01.20-21.31.36:893][  0]LogSlate: Could not find file for Slate resource: ../../../Engine/Content/Editor/Slate/Launcher/Instance_Game.png
[2020.01.20-21.31.36:893][  0]LogStreaming: Warning: Failed to read file '../../../Engine/Content/Editor/Slate/Launcher/Instance_Other.png' error.
[2020.01.20-21.31.36:893][  0]LogSlate: Could not find file for Slate resource: ../../../Engine/Content/Editor/Slate/Launcher/Instance_Other.png
[2020.01.20-21.31.36:893][  0]LogStreaming: Warning: Failed to read file '../../../Engine/Content/Editor/Slate/Launcher/Instance_Server.png' error.
[2020.01.20-21.31.36:893][  0]LogSlate: Could not find file for Slate resource: ../../../Engine/Content/Editor/Slate/Launcher/Instance_Server.png
[2020.01.20-21.31.36:893][  0]LogStreaming: Warning: Failed to read file '../../../Engine/Content/Editor/Slate/Launcher/Instance_Unknown.png' error.
[2020.01.20-21.31.36:894][  0]LogSlate: Could not find file for Slate resource: ../../../Engine/Content/Editor/Slate/Launcher/Instance_Unknown.png
[2020.01.20-21.31.36:894][  0]LogStreaming: Warning: Failed to read file '../../../Engine/Content/Editor/Slate/Launcher/Launcher_Build.png' error.
[2020.01.20-21.31.36:894][  0]LogSlate: Could not find file for Slate resource: ../../../Engine/Content/Editor/Slate/Launcher/Launcher_Build.png
[2020.01.20-21.31.36:894][  0]LogStreaming: Warning: Failed to read file '../../../Engine/Content/Editor/Slate/Launcher/Launcher_Advanced.png' error.
[2020.01.20-21.31.36:894][  0]LogSlate: Could not find file for Slate resource: ../../../Engine/Content/Editor/Slate/Launcher/Launcher_Advanced.png
[2020.01.20-21.31.36:894][  0]LogStreaming: Warning: Failed to read file '../../../Engine/Content/Editor/Slate/Launcher/Launcher_Advanced.png' error.
[2020.01.20-21.31.36:894][  0]LogSlate: Could not find file for Slate resource: ../../../Engine/Content/Editor/Slate/Launcher/Launcher_Advanced.png
[2020.01.20-21.31.36:894][  0]LogStreaming: Warning: Failed to read file '../../../Engine/Content/Editor/Slate/Launcher/Launcher_Advanced.png' error.
[2020.01.20-21.31.36:894][  0]LogSlate: Could not find file for Slate resource: ../../../Engine/Content/Editor/Slate/Launcher/Launcher_Advanced.png
[2020.01.20-21.31.36:894][  0]LogStreaming: Warning: Failed to read file '../../../Engine/Content/Editor/Slate/Launcher/All_Platforms_24x.png' error.
[2020.01.20-21.31.36:894][  0]LogSlate: Could not find file for Slate resource: ../../../Engine/Content/Editor/Slate/Launcher/All_Platforms_24x.png
[2020.01.20-21.31.36:894][  0]LogStreaming: Warning: Failed to read file '../../../Engine/Content/Editor/Slate/Launcher/All_Platforms_128x.png' error.
[2020.01.20-21.31.36:894][  0]LogSlate: Could not find file for Slate resource: ../../../Engine/Content/Editor/Slate/Launcher/All_Platforms_128x.png
[2020.01.20-21.31.36:894][  0]LogStreaming: Warning: Failed to read file '../../../Engine/Content/Editor/Slate/Launcher/All_Platforms_128x.png' error.
[2020.01.20-21.31.36:894][  0]LogSlate: Could not find file for Slate resource: ../../../Engine/Content/Editor/Slate/Launcher/All_Platforms_128x.png
[2020.01.20-21.31.36:894][  0]LogStreaming: Warning: Failed to read file '../../../Engine/Content/Editor/Slate/Launcher/Desktop/Platform_Desktop_24x.png' error.
[2020.01.20-21.31.36:894][  0]LogSlate: Could not find file for Slate resource: ../../../Engine/Content/Editor/Slate/Launcher/Desktop/Platform_Desktop_24x.png
[2020.01.20-21.31.36:894][  0]LogStreaming: Warning: Failed to read file '../../../Engine/Content/Editor/Slate/Launcher/Desktop/Platform_Desktop_128x.png' error.
[2020.01.20-21.31.36:894][  0]LogSlate: Could not find file for Slate resource: ../../../Engine/Content/Editor/Slate/Launcher/Desktop/Platform_Desktop_128x.png
[2020.01.20-21.31.36:894][  0]LogStreaming: Warning: Failed to read file '../../../Engine/Content/Editor/Slate/Launcher/Desktop/Platform_Desktop_128x.png' error.
[2020.01.20-21.31.36:894][  0]LogSlate: Could not find file for Slate resource: ../../../Engine/Content/Editor/Slate/Launcher/Desktop/Platform_Desktop_128x.png
[2020.01.20-21.31.36:894][  0]LogStreaming: Warning: Failed to read file '../../../Engine/Content/Editor/Slate/Launcher/Android/Platform_Android_24x.png' error.
[2020.01.20-21.31.36:894][  0]LogSlate: Could not find file for Slate resource: ../../../Engine/Content/Editor/Slate/Launcher/Android/Platform_Android_24x.png
[2020.01.20-21.31.36:894][  0]LogStreaming: Warning: Failed to read file '../../../Engine/Content/Editor/Slate/Launcher/Android/Platform_Android_128x.png' error.
[2020.01.20-21.31.36:894][  0]LogSlate: Could not find file for Slate resource: ../../../Engine/Content/Editor/Slate/Launcher/Android/Platform_Android_128x.png
[2020.01.20-21.31.36:894][  0]LogStreaming: Warning: Failed to read file '../../../Engine/Content/Editor/Slate/Launcher/Android/Platform_Android_128x.png' error.
[2020.01.20-21.31.36:894][  0]LogSlate: Could not find file for Slate resource: ../../../Engine/Content/Editor/Slate/Launcher/Android/Platform_Android_128x.png
[2020.01.20-21.31.36:894][  0]LogStreaming: Warning: Failed to read file '../../../Engine/Content/Editor/Slate/Launcher/Android/Platform_Android_24x.png' error.
[2020.01.20-21.31.36:895][  0]LogSlate: Could not find file for Slate resource: ../../../Engine/Content/Editor/Slate/Launcher/Android/Platform_Android_24x.png
[2020.01.20-21.31.36:895][  0]LogStreaming: Warning: Failed to read file '../../../Engine/Content/Editor/Slate/Launcher/Android/Platform_Android_128x.png' error.
[2020.01.20-21.31.36:895][  0]LogSlate: Could not find file for Slate resource: ../../../Engine/Content/Editor/Slate/Launcher/Android/Platform_Android_128x.png
[2020.01.20-21.31.36:895][  0]LogStreaming: Warning: Failed to read file '../../../Engine/Content/Editor/Slate/Launcher/Android/Platform_Android_128x.png' error.
[2020.01.20-21.31.36:895][  0]LogSlate: Could not find file for Slate resource: ../../../Engine/Content/Editor/Slate/Launcher/Android/Platform_Android_128x.png
[2020.01.20-21.31.36:895][  0]LogStreaming: Warning: Failed to read file '../../../Engine/Content/Editor/Slate/Launcher/Android/Platform_Android_ATC_24x.png' error.
[2020.01.20-21.31.36:895][  0]LogSlate: Could not find file for Slate resource: ../../../Engine/Content/Editor/Slate/Launcher/Android/Platform_Android_ATC_24x.png
[2020.01.20-21.31.36:895][  0]LogStreaming: Warning: Failed to read file '../../../Engine/Content/Editor/Slate/Launcher/Android/Platform_Android_128x.png' error.
[2020.01.20-21.31.36:895][  0]LogSlate: Could not find file for Slate resource: ../../../Engine/Content/Editor/Slate/Launcher/Android/Platform_Android_128x.png
[2020.01.20-21.31.36:895][  0]LogStreaming: Warning: Failed to read file '../../../Engine/Content/Editor/Slate/Launcher/Android/Platform_Android_128x.png' error.
[2020.01.20-21.31.36:895][  0]LogSlate: Could not find file for Slate resource: ../../../Engine/Content/Editor/Slate/Launcher/Android/Platform_Android_128x.png
[2020.01.20-21.31.36:895][  0]LogStreaming: Warning: Failed to read file '../../../Engine/Content/Editor/Slate/Launcher/Android/Platform_Android_DXT_24x.png' error.
[2020.01.20-21.31.36:895][  0]LogSlate: Could not find file for Slate resource: ../../../Engine/Content/Editor/Slate/Launcher/Android/Platform_Android_DXT_24x.png
[2020.01.20-21.31.36:895][  0]LogStreaming: Warning: Failed to read file '../../../Engine/Content/Editor/Slate/Launcher/Android/Platform_Android_128x.png' error.
[2020.01.20-21.31.36:895][  0]LogSlate: Could not find file for Slate resource: ../../../Engine/Content/Editor/Slate/Launcher/Android/Platform_Android_128x.png
[2020.01.20-21.31.36:895][  0]LogStreaming: Warning: Failed to read file '../../../Engine/Content/Editor/Slate/Launcher/Android/Platform_Android_128x.png' error.
[2020.01.20-21.31.36:895][  0]LogSlate: Could not find file for Slate resource: ../../../Engine/Content/Editor/Slate/Launcher/Android/Platform_Android_128x.png
[2020.01.20-21.31.36:895][  0]LogStreaming: Warning: Failed to read file '../../../Engine/Content/Editor/Slate/Launcher/Android/Platform_Android_ETC1_24x.png' error.
[2020.01.20-21.31.36:895][  0]LogSlate: Could not find file for Slate resource: ../../../Engine/Content/Editor/Slate/Launcher/Android/Platform_Android_ETC1_24x.png
[2020.01.20-21.31.36:895][  0]LogStreaming: Warning: Failed to read file '../../../Engine/Content/Editor/Slate/Launcher/Android/Platform_Android_128x.png' error.
[2020.01.20-21.31.36:895][  0]LogSlate: Could not find file for Slate resource: ../../../Engine/Content/Editor/Slate/Launcher/Android/Platform_Android_128x.png
[2020.01.20-21.31.36:895][  0]LogStreaming: Warning: Failed to read file '../../../Engine/Content/Editor/Slate/Launcher/Android/Platform_Android_128x.png' error.
[2020.01.20-21.31.36:895][  0]LogSlate: Could not find file for Slate resource: ../../../Engine/Content/Editor/Slate/Launcher/Android/Platform_Android_128x.png
[2020.01.20-21.31.36:895][  0]LogStreaming: Warning: Failed to read file '../../../Engine/Content/Editor/Slate/Launcher/Android/Platform_Android_ETC1_24x.png' error.
[2020.01.20-21.31.36:895][  0]LogSlate: Could not find file for Slate resource: ../../../Engine/Content/Editor/Slate/Launcher/Android/Platform_Android_ETC1_24x.png
[2020.01.20-21.31.36:895][  0]LogStreaming: Warning: Failed to read file '../../../Engine/Content/Editor/Slate/Launcher/Android/Platform_Android_128x.png' error.
[2020.01.20-21.31.36:895][  0]LogSlate: Could not find file for Slate resource: ../../../Engine/Content/Editor/Slate/Launcher/Android/Platform_Android_128x.png
[2020.01.20-21.31.36:895][  0]LogStreaming: Warning: Failed to read file '../../../Engine/Content/Editor/Slate/Launcher/Android/Platform_Android_128x.png' error.
[2020.01.20-21.31.36:895][  0]LogSlate: Could not find file for Slate resource: ../../../Engine/Content/Editor/Slate/Launcher/Android/Platform_Android_128x.png
[2020.01.20-21.31.36:895][  0]LogStreaming: Warning: Failed to read file '../../../Engine/Content/Editor/Slate/Launcher/Android/Platform_Android_ETC2_24x.png' error.
[2020.01.20-21.31.36:895][  0]LogSlate: Could not find file for Slate resource: ../../../Engine/Content/Editor/Slate/Launcher/Android/Platform_Android_ETC2_24x.png
[2020.01.20-21.31.36:895][  0]LogStreaming: Warning: Failed to read file '../../../Engine/Content/Editor/Slate/Launcher/Android/Platform_Android_128x.png' error.
[2020.01.20-21.31.36:895][  0]LogSlate: Could not find file for Slate resource: ../../../Engine/Content/Editor/Slate/Launcher/Android/Platform_Android_128x.png
[2020.01.20-21.31.36:895][  0]LogStreaming: Warning: Failed to read file '../../../Engine/Content/Editor/Slate/Launcher/Android/Platform_Android_128x.png' error.
[2020.01.20-21.31.36:895][  0]LogSlate: Could not find file for Slate resource: ../../../Engine/Content/Editor/Slate/Launcher/Android/Platform_Android_128x.png
[2020.01.20-21.31.36:895][  0]LogStreaming: Warning: Failed to read file '../../../Engine/Content/Editor/Slate/Launcher/Android/Platform_Android_PVRTC_24x.png' error.
[2020.01.20-21.31.36:895][  0]LogSlate: Could not find file for Slate resource: ../../../Engine/Content/Editor/Slate/Launcher/Android/Platform_Android_PVRTC_24x.png
[2020.01.20-21.31.36:895][  0]LogStreaming: Warning: Failed to read file '../../../Engine/Content/Editor/Slate/Launcher/Android/Platform_Android_128x.png' error.
[2020.01.20-21.31.36:895][  0]LogSlate: Could not find file for Slate resource: ../../../Engine/Content/Editor/Slate/Launcher/Android/Platform_Android_128x.png
[2020.01.20-21.31.36:895][  0]LogStreaming: Warning: Failed to read file '../../../Engine/Content/Editor/Slate/Launcher/Android/Platform_Android_128x.png' error.
[2020.01.20-21.31.36:895][  0]LogSlate: Could not find file for Slate resource: ../../../Engine/Content/Editor/Slate/Launcher/Android/Platform_Android_128x.png
[2020.01.20-21.31.36:895][  0]LogStreaming: Warning: Failed to read file '../../../Engine/Content/Editor/Slate/Launcher/Android/Platform_Android_ASTC_24x.png' error.
[2020.01.20-21.31.36:895][  0]LogSlate: Could not find file for Slate resource: ../../../Engine/Content/Editor/Slate/Launcher/Android/Platform_Android_ASTC_24x.png
[2020.01.20-21.31.36:895][  0]LogStreaming: Warning: Failed to read file '../../../Engine/Content/Editor/Slate/Launcher/Android/Platform_Android_128x.png' error.
[2020.01.20-21.31.36:895][  0]LogSlate: Could not find file for Slate resource: ../../../Engine/Content/Editor/Slate/Launcher/Android/Platform_Android_128x.png
[2020.01.20-21.31.36:895][  0]LogStreaming: Warning: Failed to read file '../../../Engine/Content/Editor/Slate/Launcher/Android/Platform_Android_128x.png' error.
[2020.01.20-21.31.36:895][  0]LogSlate: Could not find file for Slate resource: ../../../Engine/Content/Editor/Slate/Launcher/Android/Platform_Android_128x.png
[2020.01.20-21.31.36:895][  0]LogStreaming: Warning: Failed to read file '../../../Engine/Content/Editor/Slate/Launcher/Android/Platform_Android_24x.png' error.
[2020.01.20-21.31.36:895][  0]LogSlate: Could not find file for Slate resource: ../../../Engine/Content/Editor/Slate/Launcher/Android/Platform_Android_24x.png
[2020.01.20-21.31.36:896][  0]LogStreaming: Warning: Failed to read file '../../../Engine/Content/Editor/Slate/Launcher/Android/Platform_Android_128x.png' error.
[2020.01.20-21.31.36:896][  0]LogSlate: Could not find file for Slate resource: ../../../Engine/Content/Editor/Slate/Launcher/Android/Platform_Android_128x.png
[2020.01.20-21.31.36:896][  0]LogStreaming: Warning: Failed to read file '../../../Engine/Content/Editor/Slate/Launcher/Android/Platform_Android_128x.png' error.
[2020.01.20-21.31.36:896][  0]LogSlate: Could not find file for Slate resource: ../../../Engine/Content/Editor/Slate/Launcher/Android/Platform_Android_128x.png
[2020.01.20-21.31.36:896][  0]LogStreaming: Warning: Failed to read file '../../../Engine/Content/Editor/Slate/Launcher/Android/Platform_Android_24x.png' error.
[2020.01.20-21.31.36:896][  0]LogSlate: Could not find file for Slate resource: ../../../Engine/Content/Editor/Slate/Launcher/Android/Platform_Android_24x.png
[2020.01.20-21.31.36:896][  0]LogStreaming: Warning: Failed to read file '../../../Engine/Content/Editor/Slate/Launcher/Android/Platform_Android_128x.png' error.
[2020.01.20-21.31.36:896][  0]LogSlate: Could not find file for Slate resource: ../../../Engine/Content/Editor/Slate/Launcher/Android/Platform_Android_128x.png
[2020.01.20-21.31.36:896][  0]LogStreaming: Warning: Failed to read file '../../../Engine/Content/Editor/Slate/Launcher/Android/Platform_Android_128x.png' error.
[2020.01.20-21.31.36:896][  0]LogSlate: Could not find file for Slate resource: ../../../Engine/Content/Editor/Slate/Launcher/Android/Platform_Android_128x.png
[2020.01.20-21.31.36:896][  0]LogStreaming: Warning: Failed to read file '../../../Engine/Content/Editor/Slate/Launcher/Android/Platform_Android_ATC_24x.png' error.
[2020.01.20-21.31.36:896][  0]LogSlate: Could not find file for Slate resource: ../../../Engine/Content/Editor/Slate/Launcher/Android/Platform_Android_ATC_24x.png
[2020.01.20-21.31.36:896][  0]LogStreaming: Warning: Failed to read file '../../../Engine/Content/Editor/Slate/Launcher/Android/Platform_Android_128x.png' error.
[2020.01.20-21.31.36:896][  0]LogSlate: Could not find file for Slate resource: ../../../Engine/Content/Editor/Slate/Launcher/Android/Platform_Android_128x.png
[2020.01.20-21.31.36:896][  0]LogStreaming: Warning: Failed to read file '../../../Engine/Content/Editor/Slate/Launcher/Android/Platform_Android_128x.png' error.
[2020.01.20-21.31.36:896][  0]LogSlate: Could not find file for Slate resource: ../../../Engine/Content/Editor/Slate/Launcher/Android/Platform_Android_128x.png
[2020.01.20-21.31.36:896][  0]LogStreaming: Warning: Failed to read file '../../../Engine/Content/Editor/Slate/Launcher/Android/Platform_Android_DXT_24x.png' error.
[2020.01.20-21.31.36:896][  0]LogSlate: Could not find file for Slate resource: ../../../Engine/Content/Editor/Slate/Launcher/Android/Platform_Android_DXT_24x.png
[2020.01.20-21.31.36:896][  0]LogStreaming: Warning: Failed to read file '../../../Engine/Content/Editor/Slate/Launcher/Android/Platform_Android_128x.png' error.
[2020.01.20-21.31.36:896][  0]LogSlate: Could not find file for Slate resource: ../../../Engine/Content/Editor/Slate/Launcher/Android/Platform_Android_128x.png
[2020.01.20-21.31.36:896][  0]LogStreaming: Warning: Failed to read file '../../../Engine/Content/Editor/Slate/Launcher/Android/Platform_Android_128x.png' error.
[2020.01.20-21.31.36:896][  0]LogSlate: Could not find file for Slate resource: ../../../Engine/Content/Editor/Slate/Launcher/Android/Platform_Android_128x.png
[2020.01.20-21.31.36:896][  0]LogStreaming: Warning: Failed to read file '../../../Engine/Content/Editor/Slate/Launcher/Android/Platform_Android_ETC1_24x.png' error.
[2020.01.20-21.31.36:896][  0]LogSlate: Could not find file for Slate resource: ../../../Engine/Content/Editor/Slate/Launcher/Android/Platform_Android_ETC1_24x.png
[2020.01.20-21.31.36:896][  0]LogStreaming: Warning: Failed to read file '../../../Engine/Content/Editor/Slate/Launcher/Android/Platform_Android_128x.png' error.
[2020.01.20-21.31.36:896][  0]LogSlate: Could not find file for Slate resource: ../../../Engine/Content/Editor/Slate/Launcher/Android/Platform_Android_128x.png
[2020.01.20-21.31.36:896][  0]LogStreaming: Warning: Failed to read file '../../../Engine/Content/Editor/Slate/Launcher/Android/Platform_Android_128x.png' error.
[2020.01.20-21.31.36:896][  0]LogSlate: Could not find file for Slate resource: ../../../Engine/Content/Editor/Slate/Launcher/Android/Platform_Android_128x.png
[2020.01.20-21.31.36:896][  0]LogStreaming: Warning: Failed to read file '../../../Engine/Content/Editor/Slate/Launcher/Android/Platform_Android_ETC1_24x.png' error.
[2020.01.20-21.31.36:896][  0]LogSlate: Could not find file for Slate resource: ../../../Engine/Content/Editor/Slate/Launcher/Android/Platform_Android_ETC1_24x.png
[2020.01.20-21.31.36:896][  0]LogStreaming: Warning: Failed to read file '../../../Engine/Content/Editor/Slate/Launcher/Android/Platform_Android_128x.png' error.
[2020.01.20-21.31.36:896][  0]LogSlate: Could not find file for Slate resource: ../../../Engine/Content/Editor/Slate/Launcher/Android/Platform_Android_128x.png
[2020.01.20-21.31.36:896][  0]LogStreaming: Warning: Failed to read file '../../../Engine/Content/Editor/Slate/Launcher/Android/Platform_Android_128x.png' error.
[2020.01.20-21.31.36:896][  0]LogSlate: Could not find file for Slate resource: ../../../Engine/Content/Editor/Slate/Launcher/Android/Platform_Android_128x.png
[2020.01.20-21.31.36:896][  0]LogStreaming: Warning: Failed to read file '../../../Engine/Content/Editor/Slate/Launcher/Android/Platform_Android_ETC2_24x.png' error.
[2020.01.20-21.31.36:896][  0]LogSlate: Could not find file for Slate resource: ../../../Engine/Content/Editor/Slate/Launcher/Android/Platform_Android_ETC2_24x.png
[2020.01.20-21.31.36:896][  0]LogStreaming: Warning: Failed to read file '../../../Engine/Content/Editor/Slate/Launcher/Android/Platform_Android_128x.png' error.
[2020.01.20-21.31.36:896][  0]LogSlate: Could not find file for Slate resource: ../../../Engine/Content/Editor/Slate/Launcher/Android/Platform_Android_128x.png
[2020.01.20-21.31.36:896][  0]LogStreaming: Warning: Failed to read file '../../../Engine/Content/Editor/Slate/Launcher/Android/Platform_Android_128x.png' error.
[2020.01.20-21.31.36:896][  0]LogSlate: Could not find file for Slate resource: ../../../Engine/Content/Editor/Slate/Launcher/Android/Platform_Android_128x.png
[2020.01.20-21.31.36:896][  0]LogStreaming: Warning: Failed to read file '../../../Engine/Content/Editor/Slate/Launcher/Android/Platform_Android_PVRTC_24x.png' error.
[2020.01.20-21.31.36:896][  0]LogSlate: Could not find file for Slate resource: ../../../Engine/Content/Editor/Slate/Launcher/Android/Platform_Android_PVRTC_24x.png
[2020.01.20-21.31.36:896][  0]LogStreaming: Warning: Failed to read file '../../../Engine/Content/Editor/Slate/Launcher/Android/Platform_Android_128x.png' error.
[2020.01.20-21.31.36:896][  0]LogSlate: Could not find file for Slate resource: ../../../Engine/Content/Editor/Slate/Launcher/Android/Platform_Android_128x.png
[2020.01.20-21.31.36:896][  0]LogStreaming: Warning: Failed to read file '../../../Engine/Content/Editor/Slate/Launcher/Android/Platform_Android_128x.png' error.
[2020.01.20-21.31.36:896][  0]LogSlate: Could not find file for Slate resource: ../../../Engine/Content/Editor/Slate/Launcher/Android/Platform_Android_128x.png
[2020.01.20-21.31.36:896][  0]LogStreaming: Warning: Failed to read file '../../../Engine/Content/Editor/Slate/Launcher/Android/Platform_Android_ASTC_24x.png' error.
[2020.01.20-21.31.36:896][  0]LogSlate: Could not find file for Slate resource: ../../../Engine/Content/Editor/Slate/Launcher/Android/Platform_Android_ASTC_24x.png
[2020.01.20-21.31.36:896][  0]LogStreaming: Warning: Failed to read file '../../../Engine/Content/Editor/Slate/Launcher/Android/Platform_Android_128x.png' error.
[2020.01.20-21.31.36:896][  0]LogSlate: Could not find file for Slate resource: ../../../Engine/Content/Editor/Slate/Launcher/Android/Platform_Android_128x.png
[2020.01.20-21.31.36:897][  0]LogStreaming: Warning: Failed to read file '../../../Engine/Content/Editor/Slate/Launcher/Android/Platform_Android_128x.png' error.
[2020.01.20-21.31.36:897][  0]LogSlate: Could not find file for Slate resource: ../../../Engine/Content/Editor/Slate/Launcher/Android/Platform_Android_128x.png
[2020.01.20-21.31.36:897][  0]LogStreaming: Warning: Failed to read file '../../../Engine/Content/Editor/Slate/Launcher/HTML5/Platform_HTML5_24x.png' error.
[2020.01.20-21.31.36:897][  0]LogSlate: Could not find file for Slate resource: ../../../Engine/Content/Editor/Slate/Launcher/HTML5/Platform_HTML5_24x.png
[2020.01.20-21.31.36:897][  0]LogStreaming: Warning: Failed to read file '../../../Engine/Content/Editor/Slate/Launcher/HTML5/Platform_HTML5_128x.png' error.
[2020.01.20-21.31.36:897][  0]LogSlate: Could not find file for Slate resource: ../../../Engine/Content/Editor/Slate/Launcher/HTML5/Platform_HTML5_128x.png
[2020.01.20-21.31.36:897][  0]LogStreaming: Warning: Failed to read file '../../../Engine/Content/Editor/Slate/Launcher/HTML5/Platform_HTML5_128x.png' error.
[2020.01.20-21.31.36:897][  0]LogSlate: Could not find file for Slate resource: ../../../Engine/Content/Editor/Slate/Launcher/HTML5/Platform_HTML5_128x.png
[2020.01.20-21.31.36:897][  0]LogStreaming: Warning: Failed to read file '../../../Engine/Content/Editor/Slate/Launcher/HTML5/Platform_HTML5_24x.png' error.
[2020.01.20-21.31.36:897][  0]LogSlate: Could not find file for Slate resource: ../../../Engine/Content/Editor/Slate/Launcher/HTML5/Platform_HTML5_24x.png
[2020.01.20-21.31.36:897][  0]LogStreaming: Warning: Failed to read file '../../../Engine/Content/Editor/Slate/Launcher/HTML5/Platform_HTML5_128x.png' error.
[2020.01.20-21.31.36:897][  0]LogSlate: Could not find file for Slate resource: ../../../Engine/Content/Editor/Slate/Launcher/HTML5/Platform_HTML5_128x.png
[2020.01.20-21.31.36:897][  0]LogStreaming: Warning: Failed to read file '../../../Engine/Content/Editor/Slate/Launcher/HTML5/Platform_HTML5_128x.png' error.
[2020.01.20-21.31.36:897][  0]LogSlate: Could not find file for Slate resource: ../../../Engine/Content/Editor/Slate/Launcher/HTML5/Platform_HTML5_128x.png
[2020.01.20-21.31.36:897][  0]LogStreaming: Warning: Failed to read file '../../../Engine/Content/Editor/Slate/Launcher/IOS/Platform_IOS_24x.png' error.
[2020.01.20-21.31.36:897][  0]LogSlate: Could not find file for Slate resource: ../../../Engine/Content/Editor/Slate/Launcher/IOS/Platform_IOS_24x.png
[2020.01.20-21.31.36:897][  0]LogStreaming: Warning: Failed to read file '../../../Engine/Content/Editor/Slate/Launcher/IOS/Platform_IOS_128x.png' error.
[2020.01.20-21.31.36:897][  0]LogSlate: Could not find file for Slate resource: ../../../Engine/Content/Editor/Slate/Launcher/IOS/Platform_IOS_128x.png
[2020.01.20-21.31.36:897][  0]LogStreaming: Warning: Failed to read file '../../../Engine/Content/Editor/Slate/Launcher/IOS/Platform_IOS_128x.png' error.
[2020.01.20-21.31.36:897][  0]LogSlate: Could not find file for Slate resource: ../../../Engine/Content/Editor/Slate/Launcher/IOS/Platform_IOS_128x.png
[2020.01.20-21.31.36:898][  0]LogStreaming: Warning: Failed to read file '../../../Engine/Content/Editor/Slate/Launcher/IOS/Platform_IOS_24x.png' error.
[2020.01.20-21.31.36:898][  0]LogSlate: Could not find file for Slate resource: ../../../Engine/Content/Editor/Slate/Launcher/IOS/Platform_IOS_24x.png
[2020.01.20-21.31.36:898][  0]LogStreaming: Warning: Failed to read file '../../../Engine/Content/Editor/Slate/Launcher/IOS/Platform_IOS_24x.png' error.
[2020.01.20-21.31.36:898][  0]LogSlate: Could not find file for Slate resource: ../../../Engine/Content/Editor/Slate/Launcher/IOS/Platform_IOS_24x.png
[2020.01.20-21.31.36:898][  0]LogStreaming: Warning: Failed to read file '../../../Engine/Content/Editor/Slate/Launcher/IOS/Platform_IOS_24x.png' error.
[2020.01.20-21.31.36:898][  0]LogSlate: Could not find file for Slate resource: ../../../Engine/Content/Editor/Slate/Launcher/IOS/Platform_IOS_24x.png
[2020.01.20-21.31.36:904][  0]LogStreaming: Warning: Failed to read file '../../../Engine/Content/Editor/Slate/Icons/UMG/Layout_TransformMode_16x.png' error.
[2020.01.20-21.31.36:904][  0]LogSlate: Could not find file for Slate resource: ../../../Engine/Content/Editor/Slate/Icons/UMG/Layout_TransformMode_16x.png
[2020.01.20-21.31.36:904][  0]LogStreaming: Warning: Failed to read file '../../../Engine/Content/Editor/Slate/Icons/UMG/Layout_TransformMode_16x.png' error.
[2020.01.20-21.31.36:904][  0]LogSlate: Could not find file for Slate resource: ../../../Engine/Content/Editor/Slate/Icons/UMG/Layout_TransformMode_16x.png
[2020.01.20-21.31.36:904][  0]LogStreaming: Warning: Failed to read file '../../../Engine/Content/Editor/Slate/Icons/UMG/Render_TransformMode_16x.png' error.
[2020.01.20-21.31.36:904][  0]LogSlate: Could not find file for Slate resource: ../../../Engine/Content/Editor/Slate/Icons/UMG/Render_TransformMode_16x.png
[2020.01.20-21.31.36:904][  0]LogStreaming: Warning: Failed to read file '../../../Engine/Content/Editor/Slate/Icons/UMG/Render_TransformMode_16x.png' error.
[2020.01.20-21.31.36:904][  0]LogSlate: Could not find file for Slate resource: ../../../Engine/Content/Editor/Slate/Icons/UMG/Render_TransformMode_16x.png
[2020.01.20-21.31.36:904][  0]LogStreaming: Warning: Failed to read file '../../../Engine/Content/Editor/Slate/Icons/UMG/ToggleOutlines.Small.png' error.
[2020.01.20-21.31.36:904][  0]LogSlate: Could not find file for Slate resource: ../../../Engine/Content/Editor/Slate/Icons/UMG/ToggleOutlines.Small.png
[2020.01.20-21.31.36:904][  0]LogStreaming: Warning: Failed to read file '../../../Engine/Content/Editor/Slate/Icons/UMG/ToggleOutlines.Small.png' error.
[2020.01.20-21.31.36:904][  0]LogSlate: Could not find file for Slate resource: ../../../Engine/Content/Editor/Slate/Icons/UMG/ToggleOutlines.Small.png
[2020.01.20-21.31.36:904][  0]LogStreaming: Warning: Failed to read file '../../../Engine/Content/Editor/Slate/Icons/UMG/ToggleRespectLocks.Small.png' error.
[2020.01.20-21.31.36:904][  0]LogSlate: Could not find file for Slate resource: ../../../Engine/Content/Editor/Slate/Icons/UMG/ToggleRespectLocks.Small.png
[2020.01.20-21.31.36:904][  0]LogStreaming: Warning: Failed to read file '../../../Engine/Content/Editor/Slate/Icons/UMG/ToggleRespectLocks.Small.png' error.
[2020.01.20-21.31.36:904][  0]LogSlate: Could not find file for Slate resource: ../../../Engine/Content/Editor/Slate/Icons/UMG/ToggleRespectLocks.Small.png
[2020.01.20-21.31.36:905][  0]LogStreaming: Warning: Failed to read file '../../../Engine/Content/Editor/Slate/Icons/UMG/ScreenOutline.png' error.
[2020.01.20-21.31.36:905][  0]LogSlate: Could not find file for Slate resource: ../../../Engine/Content/Editor/Slate/Icons/UMG/ScreenOutline.png
[2020.01.20-21.31.36:905][  0]LogStreaming: Warning: Failed to read file '../../../Engine/Content/Editor/Slate/Icons/UMG/TransformHandle.png' error.
[2020.01.20-21.31.36:905][  0]LogSlate: Could not find file for Slate resource: ../../../Engine/Content/Editor/Slate/Icons/UMG/TransformHandle.png
[2020.01.20-21.31.36:905][  0]LogStreaming: Warning: Failed to read file '../../../Engine/Content/Editor/Slate/Icons/UMG/ResizeAreaHandle.png' error.
[2020.01.20-21.31.36:905][  0]LogSlate: Could not find file for Slate resource: ../../../Engine/Content/Editor/Slate/Icons/UMG/ResizeAreaHandle.png
[2020.01.20-21.31.36:906][  0]LogStreaming: Warning: Failed to read file '../../../Engine/Content/Editor/Slate/Icons/UMG/SettingsButton.png' error.
[2020.01.20-21.31.36:906][  0]LogSlate: Could not find file for Slate resource: ../../../Engine/Content/Editor/Slate/Icons/UMG/SettingsButton.png
[2020.01.20-21.31.36:907][  0]LogStreaming: Warning: Failed to read file '../../../Engine/Content/Editor/Slate/Icons/UMG/Icon_Portrait_v2.png' error.
[2020.01.20-21.31.36:907][  0]LogSlate: Could not find file for Slate resource: ../../../Engine/Content/Editor/Slate/Icons/UMG/Icon_Portrait_v2.png
[2020.01.20-21.31.37:440][  0]LogTcpMessaging: Initializing TcpMessaging bridge
[2020.01.20-21.31.37:816][  0]LogUdpMessaging: Initializing bridge on interface 0.0.0.0:0 to multicast group 230.0.0.1:6666.
[2020.01.20-21.31.37:878][  0]SourceControl: Source control is disabled
[2020.01.20-21.31.37:878][  0]SourceControl: Source control is disabled
[2020.01.20-21.31.37:879][  0]SourceControl: Source control is disabled
[2020.01.20-21.31.37:880][  0]SourceControl: Source control is disabled
[2020.01.20-21.31.37:956][  0]LogAndroidPermission: UAndroidPermissionCallbackProxy::GetInstance
[2020.01.20-21.31.38:046][  0]LogOcInput: OculusInput pre-init called
[2020.01.20-21.31.38:051][  0]LogWindows: Failed to load 'OVRPlugin.dll' (GetLastError=126)
[2020.01.20-21.31.38:051][  0]LogWindows: File 'OVRPlugin.dll' does not exist
[2020.01.20-21.31.38:113][  0]LogEngine: Initializing Engine...
[2020.01.20-21.31.38:113][  0]LogHMD: Failed to initialize OpenVR with code 110
[2020.01.20-21.31.38:114][  0]LogStats: UGameplayTagsManager::InitializeManager -  0.000 s
[2020.01.20-21.31.38:339][  0]LogInit: Initializing FReadOnlyCVARCache
[2020.01.20-21.31.38:350][  0]LogAIModule: Creating AISystem for world Untitled
[2020.01.20-21.31.38:395][  0]LogInit: XAudio2 using 'مكبر الصوت/سماعات الرأس (Realtek High Definition Audio)' : 2 channels at 48 kHz using 32 bits per sample (channel mask 0x3)
[2020.01.20-21.31.38:623][  0]LogInit: FAudioDevice initialized.
[2020.01.20-21.31.38:623][  0]LogNetVersion: Set ProjectVersion to 1.0.0.0. Version Checksum will be recalculated on next use.
[2020.01.20-21.31.40:856][  0]LogDerivedDataCache: Saved boot cache 2.23s 85MB C:/Users/Abu Taim/AppData/Local/UnrealEngine/4.23/DerivedDataCache/Boot.ddc.
[2020.01.20-21.31.40:868][  0]LogInit: Texture streaming: Enabled
[2020.01.20-21.31.40:883][  0]LogEngineSessionManager: EngineSessionManager initialized
[2020.01.20-21.31.40:883][  0]LogEditorSessionSummary: Verbose: Initializing EditorSessionSummaryWriter for editor session tracking
[2020.01.20-21.31.41:475][  0]LogEditorSessionSummary: EditorSessionSummaryWriter initialized
[2020.01.20-21.31.41:497][  0]LogInit: Transaction tracking system initialized
[2020.01.20-21.31.41:518][  0]BlueprintLog: New page: Editor Load
[2020.01.20-21.31.42:833][  0]LocalizationService: Localization service is disabled
[2020.01.20-21.31.44:137][  0]LogFileCache: Scanning file cache for directory 'G:/UE Projects/AITank/Content/' took 0.00s
[2020.01.20-21.31.44:138][  0]LogCook: Display: Max memory allowance for cook 16384mb min free memory 0mb
[2020.01.20-21.31.44:138][  0]LogCook: Display: Mobile HDR setting 1
[2020.01.20-21.31.44:296][  0]SourceControl: Source control is disabled
[2020.01.20-21.31.44:296][  0]Cmd: MAP LOAD FILE="../../../Engine/Content/Maps/Templates/Template_Default.umap" TEMPLATE=1 SHOWPROGRESS=1 FEATURELEVEL=3
[2020.01.20-21.31.44:296][  0]LightingResults: New page: Lighting Build
[2020.01.20-21.31.44:298][  0]LogWorld: UWorld::CleanupWorld for Untitled, bSessionEnded=true, bCleanupResources=true
[2020.01.20-21.31.44:298][  0]MapCheck: New page: Map Check
[2020.01.20-21.31.44:298][  0]LightingResults: New page: Lighting Build
[2020.01.20-21.31.44:319][  0]LogUObjectHash: Compacting FUObjectHashTables data took   1.60ms
[2020.01.20-21.31.44:393][  0]LogAIModule: Creating AISystem for world Untitled_1
[2020.01.20-21.31.44:400][  0]LogEditorServer: Finished looking for orphan Actors (0.000 secs)
[2020.01.20-21.31.44:429][  0]LogUObjectHash: Compacting FUObjectHashTables data took   2.15ms
[2020.01.20-21.31.44:430][  0]Cmd: MAP CHECKDEP NOCLEARLOG
[2020.01.20-21.31.44:430][  0]MapCheck: Map check complete: ٠ Error(s), ٠ Warning(s), took ٠٫٠٩٤ms to complete.
[2020.01.20-21.31.44:430][  0]LogFileHelpers: Loading map 'Template_Default' took 0.134
[2020.01.20-21.32.08:417][  0]LogSlate: Only BGRA pngs, bmps or icos are supported in by External Image Picker
[2020.01.20-21.32.10:002][  0]LogCollectionManager: Loaded 0 collections in 0.001082 seconds
[2020.01.20-21.32.10:185][  0]LogFileCache: Scanning file cache for directory 'G:/UE Projects/AITank/Saved/Collections/' took 0.00s
[2020.01.20-21.32.10:185][  0]LogFileCache: Scanning file cache for directory 'G:/UE Projects/AITank/Content/Developers/AbuTaim/Collections/' took 0.00s
[2020.01.20-21.32.10:185][  0]LogFileCache: Scanning file cache for directory 'G:/UE Projects/AITank/Content/Collections/' took 0.00s
[2020.01.20-21.32.10:185][  0]LogCollectionManager: Rebuilt the GUID cache for 0 collections in 0.000002 seconds
[2020.01.20-21.32.10:193][  0]LogContentBrowser: Native class hierarchy populated in 0.0078 seconds. Added 2864 classes and 682 folders.
[2020.01.20-21.32.10:381][  0]LogContentBrowser: Native class hierarchy updated for 'WidgetCarousel' in 0.0002 seconds. Added 0 classes and 0 folders.
[2020.01.20-21.32.16:961][  0]LogContentBrowser: Native class hierarchy updated for 'AddContentDialog' in 0.0003 seconds. Added 0 classes and 0 folders.
[2020.01.20-21.32.19:432][  0]LogSlate: Updating window title bar state: overlay mode, drag disabled, window buttons hidden, title bar hidden
[2020.01.20-21.32.19:498][  0]LogSlate: Updating window title bar state: overlay mode, drag disabled, window buttons hidden, title bar hidden
[2020.01.20-21.32.19:507][  0]LogSlate: Updating window title bar state: overlay mode, drag disabled, window buttons hidden, title bar hidden
[2020.01.20-21.32.19:515][  0]LogSlate: Updating window title bar state: overlay mode, drag disabled, window buttons hidden, title bar hidden
[2020.01.20-21.32.19:836][  0]LogSlate: Took 0.000184 seconds to synchronously load lazily loaded font '../../../Engine/Content/Slate/Fonts/Roboto-Regular.ttf' (155K)
[2020.01.20-21.32.20:004][  0]LogSlate: Took 0.164703 seconds to synchronously load lazily loaded font '../../../Engine/Content/Editor/Slate/Fonts/FontAwesome.ttf' (139K)
[2020.01.20-21.32.20:004][  0]LogSlate: Took 0.000146 seconds to synchronously load lazily loaded font '../../../Engine/Content/Slate/Fonts/Roboto-Bold.ttf' (160K)
[2020.01.20-21.32.20:007][  0]LogSlate: Took 0.000194 seconds to synchronously load lazily loaded font '../../../Engine/Content/Slate/Fonts/NotoNaskhArabicUI-Regular.ttf' (144K)
[2020.01.20-21.32.20:116][  0]LogRenderer: Reallocating scene render targets to support 1280x708 Format 9 NumSamples 1 (Frame:1).
[2020.01.20-21.32.21:035][  0]LogContentBrowser: Native class hierarchy updated for 'HierarchicalLODOutliner' in 0.0002 seconds. Added 0 classes and 0 folders.
[2020.01.20-21.32.21:035][  0]LogLoad: (Engine Initialization) Total time: 47.91 seconds
[2020.01.20-21.32.21:035][  0]LogLoad: (Engine Initialization) Total Blueprint compile time: 0.00 seconds
[2020.01.20-21.32.21:391][  0]LogSlate: FSceneViewport::OnFocusLost() reason 2
[2020.01.20-21.32.21:701][  0]LogD3D11RHI: Error: agsDriverExtensionsDX11_SetDepthBounds(1,0.000000, 1.000000) returned error code 2. **********PLEASE UPDATE YOUR VIDEO DRIVERS*********
[2020.01.20-21.32.21:701][  0]LogContentStreaming: Texture pool size now 800 MB
[2020.01.20-21.32.27:597][157]LogEditorViewport: Clicking on Actor (LMB): BP_Sky_Sphere_C (Sky Sphere)
[2020.01.20-21.32.28:304][165]LogLinker: Failed to load '/Game/NewMap': Can't find file.
[2020.01.20-21.32.28:304][165]LogLinker: Failed to load '/Game/NewMap': Can't find file.
[2020.01.20-21.32.28:310][165]LogSlate: FSceneViewport::OnFocusLost() reason 5
[2020.01.20-21.32.32:363][165]LogSlate: Window 'Save Level As' being destroyed
[2020.01.20-21.32.32:368][165]LogSlate: FSceneViewport::OnFocusLost() reason 3
[2020.01.20-21.32.32:413][165]LogSlate: Took 0.000152 seconds to synchronously load lazily loaded font '../../../Engine/Content/Slate/Fonts/Roboto-Light.ttf' (167K)
[2020.01.20-21.32.32:648][165]LogUObjectHash: Compacting FUObjectHashTables data took   1.66ms
[2020.01.20-21.32.32:799][165]Cmd: OBJ SAVEPACKAGE PACKAGE="/Game/Level1" FILE="../../../../../UE Projects/AITank/Content/Level1.umap" SILENT=true AUTOSAVING=false KEEPDIRTY=false
[2020.01.20-21.32.32:927][165]LogUObjectHash: Compacting FUObjectHashTables data took   1.32ms
[2020.01.20-21.32.33:709][165]LogSavePackage: Moving '../../../../../UE Projects/AITank/Saved/Level193AB9BFB4FAA09B3F1233DB5B263F552.tmp' to '../../../../../UE Projects/AITank/Content/Level1.umap'
[2020.01.20-21.32.33:933][165]Cmd: OBJ SAVEPACKAGE PACKAGE="/Game/Level1_BuiltData" FILE="../../../../../UE Projects/AITank/Content/Level1_BuiltData.uasset" SILENT=true
[2020.01.20-21.32.34:035][165]LogSavePackage: Moving '../../../../../UE Projects/AITank/Saved/Level1_BuiltData974606DC40859CF233A88E9A0BFA8A01.tmp' to '../../../../../UE Projects/AITank/Content/Level1_BuiltData.uasset'
[2020.01.20-21.32.34:042][165]LogFileHelpers: Saving map 'Level1' took 1.643
[2020.01.20-21.32.34:199][165]LogSlate: Took 0.000234 seconds to synchronously load lazily loaded font '../../../Engine/Content/Slate/Fonts/Roboto-Light.ttf' (167K)
[2020.01.20-21.32.35:900][211]LogEditorViewport: Clicking on Actor (LMB): StaticMeshActor (Floor)
[2020.01.20-21.32.58:646][812]LogAssetRegistry: Asset discovery search completed in 83.0915 seconds
[2020.01.20-21.32.58:656][812]LogCollectionManager: Rebuilt the object cache for 0 collections in 0.000008 seconds (found 0 objects)
[2020.01.20-21.32.58:656][812]LogCollectionManager: Fixed up redirectors for 0 collections in 0.000069 seconds (updated 0 objects)
[2020.01.20-21.33.21:124][879]LogEditorSessionSummary: EditorSessionSummary sent report. Type=Shutdown, SessionId={D96FA35B-4A3B-49EB-D38C-8D9E25170F4A}
[2020.01.20-21.34.39:767][212]LogSlate: FSceneViewport::OnFocusLost() reason 2
[2020.01.20-21.34.40:950][281]LogSlate: FSceneViewport::OnFocusLost() reason 5
[2020.01.20-21.34.55:458][694]LogSlate: Window 'Source Control Login' being destroyed
